{"numTotalTestSuites":58,"numPassedTestSuites":58,"numFailedTestSuites":0,"numPendingTestSuites":0,"numTotalTests":287,"numPassedTests":287,"numFailedTests":0,"numPendingTests":0,"numTodoTests":0,"snapshot":{"added":0,"failure":false,"filesAdded":0,"filesRemoved":0,"filesRemovedList":[],"filesUnmatched":0,"filesUpdated":0,"matched":0,"total":0,"unchecked":0,"uncheckedKeysByFile":[],"unmatched":0,"updated":0,"didUpdate":false},"startTime":1788975247806,"success":true,"testResults":[{"assertionResults":[{"ancestorTitles":["access permission matrix"],"fullName":"access permission matrix gives owners the complete matrix","status":"passed","title":"gives owners the complete matrix","duration":1.2007000000000119,"failureMessages":[],"meta":{},"tags":[]},{"ancestorTitles":["access permission matrix"],"fullName":"access permission matrix keeps receptionist elevated access explicit","status":"passed","title":"keeps receptionist elevated access explicit","duration":0.601600000000019,"failureMessages":[],"meta":{},"tags":[]},{"ancestorTitles":["access permission matrix"],"fullName":"access permission matrix keeps staff permissions scoped to explicit schedule access","status":"passed","title":"keeps staff permissions scoped to explicit schedule access","duration":0.24039999999999395,"failureMessages":[],"meta":{},"tags":[]},{"ancestorTitles":["access database invariants"],"fullName":"access database invariants enforces own staff scope and rejects another staff profile","status":"passed","title":"enforces own staff scope and rejects another staff profile","duration":24.141500000000008,"failureMessages":[],"meta":{},"tags":[]},{"ancestorTitles":["access database invariants"],"fullName":"access database invariants consumes invitations once and preserves the last owner","status":"passed","title":"consumes invitations once and preserves the last owner","duration":30.165900000000022,"failureMessages":[],"meta":{},"tags":[]},{"ancestorTitles":["access database invariants"],"fullName":"access database invariants rejects a foreign tenant, a disabled account, and an elevated staff permission","status":"passed","title":"rejects a foreign tenant, a disabled account, and an elevated staff permission","duration":14.360500000000002,"failureMessages":[],"meta":{},"tags":[]},{"ancestorTitles":["access database invariants"],"fullName":"access database invariants isolates raw access rows without context and makes audit append-only","status":"passed","title":"isolates raw access rows without context and makes audit append-only","duration":2.832400000000007,"failureMessages":[],"meta":{},"tags":[]},{"ancestorTitles":["access database invariants"],"fullName":"access database invariants rejects expired/cancelled invitations and permits replacing an expired one","status":"passed","title":"rejects expired/cancelled invitations and permits replacing an expired one","duration":38.31390000000002,"failureMessages":[],"meta":{},"tags":[]},{"ancestorTitles":["access database invariants"],"fullName":"access database invariants binds support to a platform actor and enforces expiry and revocation","status":"passed","title":"binds support to a platform actor and enforces expiry and revocation","duration":34.28570000000002,"failureMessages":[],"meta":{},"tags":[]},{"ancestorTitles":["access database invariants"],"fullName":"access database invariants revokes membership and all sessions immediately","status":"passed","title":"revokes membership and all sessions immediately","duration":13.386900000000026,"failureMessages":[],"meta":{},"tags":[]},{"ancestorTitles":["access database invariants"],"fullName":"access database invariants serializes concurrent owner transfers and never leaves the tenant ownerless","status":"passed","title":"serializes concurrent owner transfers and never leaves the tenant ownerless","duration":21.63009999999997,"failureMessages":[],"meta":{},"tags":[]}],"startTime":1788975294723,"endTime":1788975294931.6301,"status":"passed","message":"","name":"C:/Users/rauds/Desktop/Projektid/Broneerimise SaaS/broneering.info/tests/access.test.ts"},{"assertionResults":[{"ancestorTitles":["Administration API boundaries"],"fullName":"Administration API boundaries does not expose a session on another tenant host","status":"passed","title":"does not expose a session on another tenant host","duration":15.630300000000034,"failureMessages":[],"meta":{},"tags":[]},{"ancestorTitles":["Administration API boundaries"],"fullName":"Administration API boundaries rejects writes from another origin before resolving identity","status":"passed","title":"rejects writes from another origin before resolving identity","duration":2.139700000000005,"failureMessages":[],"meta":{},"tags":[]},{"ancestorTitles":["Administration API boundaries"],"fullName":"Administration API boundaries returns an uncached anonymous state","status":"passed","title":"returns an uncached anonymous state","duration":1.5031999999999925,"failureMessages":[],"meta":{},"tags":[]},{"ancestorTitles":["Administration API boundaries"],"fullName":"Administration API boundaries does not fetch owner data until MFA is enrolled","status":"passed","title":"does not fetch owner data until MFA is enrolled","duration":0.6773999999999774,"failureMessages":[],"meta":{},"tags":[]},{"ancestorTitles":["Administration API boundaries"],"fullName":"Administration API boundaries rejects selecting a company without membership","status":"passed","title":"rejects selecting a company without membership","duration":1.0810999999999922,"failureMessages":[],"meta":{},"tags":[]},{"ancestorTitles":["Administration API boundaries"],"fullName":"Administration API boundaries keeps the account context visible after company data access expires without loading company data","status":"passed","title":"keeps the account context visible after company data access expires without loading company data","duration":0.5431000000000381,"failureMessages":[],"meta":{},"tags":[]},{"ancestorTitles":["Administration API boundaries"],"fullName":"Administration API boundaries requires identity and strict payloads for member changes","status":"passed","title":"requires identity and strict payloads for member changes","duration":2.1503000000000156,"failureMessages":[],"meta":{},"tags":[]},{"ancestorTitles":["Administration API boundaries"],"fullName":"Administration API boundaries keeps the identity available for MFA setup without fetching privileged schedules","status":"passed","title":"keeps the identity available for MFA setup without fetching privileged schedules","duration":0.3824999999999932,"failureMessages":[],"meta":{},"tags":[]},{"ancestorTitles":["Administration API boundaries"],"fullName":"Administration API boundaries returns a bounded schedule conflict envelope without customer contacts","status":"passed","title":"returns a bounded schedule conflict envelope without customer contacts","duration":15.51619999999997,"failureMessages":[],"meta":{},"tags":[]}],"startTime":1788975297898,"endTime":1788975297938.516,"status":"passed","message":"","name":"C:/Users/rauds/Desktop/Projektid/Broneerimise SaaS/broneering.info/tests/admin-http.test.ts"},{"assertionResults":[{"ancestorTitles":[],"fullName":"keeps the real browser graph free of server libraries and reverse UI dependencies","status":"passed","title":"keeps the real browser graph free of server libraries and reverse UI dependencies","duration":379.7545,"failureMessages":[],"meta":{},"tags":[]},{"ancestorTitles":[],"fullName":"follows runtime re-exports and lazy imports while allowing erased type imports","status":"passed","title":"follows runtime re-exports and lazy imports while allowing erased type imports","duration":1.0448000000000093,"failureMessages":[],"meta":{},"tags":[]},{"ancestorTitles":[],"fullName":"rejects indirect browser imports and server modules depending on UI","status":"passed","title":"rejects indirect browser imports and server modules depending on UI","duration":6.99490000000003,"failureMessages":[],"meta":{},"tags":[]}],"startTime":1788975292585,"endTime":1788975292972.9949,"status":"passed","message":"","name":"C:/Users/rauds/Desktop/Projektid/Broneerimise SaaS/broneering.info/tests/architecture.test.ts"},{"assertionResults":[{"ancestorTitles":["Invited account lifecycle through real handlers"],"fullName":"Invited account lifecycle through real handlers verifies email, enrolls MFA, consumes backup codes and revokes sessions on password reset","status":"passed","title":"verifies email, enrolls MFA, consumes backup codes and revokes sessions on password reset","duration":11000.904999999999,"failureMessages":[],"meta":{},"tags":[]}],"startTime":1788975256255,"endTime":1788975267255.905,"status":"passed","message":"","name":"C:/Users/rauds/Desktop/Projektid/Broneerimise SaaS/broneering.info/tests/auth-flow.test.ts"},{"assertionResults":[{"ancestorTitles":["authentication route boundary"],"fullName":"authentication route boundary rejects a request whose Host is not the exact configured admin host","status":"passed","title":"rejects a request whose Host is not the exact configured admin host","duration":2.613499999999931,"failureMessages":[],"meta":{},"tags":[]},{"ancestorTitles":["authentication route boundary"],"fullName":"authentication route boundary uses only the configured origin for CSRF","status":"passed","title":"uses only the configured origin for CSRF","duration":1.7051000000000158,"failureMessages":[],"meta":{},"tags":[]},{"ancestorTitles":["authoritative session identity"],"fullName":"authoritative session identity reads the live session and stops accepting it after disabling the user","status":"passed","title":"reads the live session and stops accepting it after disabling the user","duration":56.409400000000005,"failureMessages":[],"meta":{},"tags":[]},{"ancestorTitles":["authoritative session identity"],"fullName":"authoritative session identity does not treat an old session as MFA-authenticated after enrollment","status":"passed","title":"does not treat an old session as MFA-authenticated after enrollment","duration":6.8478999999999814,"failureMessages":[],"meta":{},"tags":[]}],"startTime":1788975296817,"endTime":1788975296884.848,"status":"passed","message":"","name":"C:/Users/rauds/Desktop/Projektid/Broneerimise SaaS/broneering.info/tests/auth.test.ts"},{"assertionResults":[{"ancestorTitles":["monthly subscription rules"],"fullName":"monthly subscription rules keeps the agreed final price, unlimited staff and no trial","status":"passed","title":"keeps the agreed final price, unlimited staff and no trial","duration":1.5131000000000085,"failureMessages":[],"meta":{},"tags":[]},{"ancestorTitles":["monthly subscription rules"],"fullName":"monthly subscription rules restores the original day after short months and leap years","status":"passed","title":"restores the original day after short months and leap years","duration":14.319400000000002,"failureMessages":[],"meta":{},"tags":[]},{"ancestorTitles":["monthly subscription rules"],"fullName":"monthly subscription rules rejects invalid dates and a period inconsistent with its stored anchor","status":"passed","title":"rejects invalid dates and a period inconsistent with its stored anchor","duration":0.9721999999999866,"failureMessages":[],"meta":{},"tags":[]},{"ancestorTitles":["monthly subscription rules"],"fullName":"monthly subscription rules splits gross cents without increasing the final price or losing rounding cents","status":"passed","title":"splits gross cents without increasing the final price or losing rounding cents","duration":13.93380000000002,"failureMessages":[],"meta":{},"tags":[]},{"ancestorTitles":["monthly subscription rules"],"fullName":"monthly subscription rules starts restrictions only after the due day and explicitly agreed grace days","status":"passed","title":"starts restrictions only after the due day and explicitly agreed grace days","duration":0.4819999999999993,"failureMessages":[],"meta":{},"tags":[]},{"ancestorTitles":["monthly subscription rules"],"fullName":"monthly subscription rules allows seven days from issue, with no grace after the payment deadline","status":"passed","title":"allows seven days from issue, with no grace after the payment deadline","duration":0.31929999999999836,"failureMessages":[],"meta":{},"tags":[]}],"startTime":1788975298381,"endTime":1788975298413.3193,"status":"passed","message":"","name":"C:/Users/rauds/Desktop/Projektid/Broneerimise SaaS/broneering.info/tests/billing-rules.test.ts"},{"assertionResults":[{"ancestorTitles":[],"fullName":"GET reads a bearer-scoped booking without invoking any mutation and marks every response private","status":"passed","title":"GET reads a bearer-scoped booking without invoking any mutation and marks every response private","duration":22.264999999999986,"failureMessages":[],"meta":{},"tags":[]},{"ancestorTitles":[],"fullName":"returns a clear 410 contact instruction for expired links and never uses a token from the URL","status":"passed","title":"returns a clear 410 contact instruction for expired links and never uses a token from the URL","duration":3.3726999999999805,"failureMessages":[],"meta":{},"tags":[]},{"ancestorTitles":[],"fullName":"requires a same-origin explicit write and passes its idempotency key unchanged","status":"passed","title":"requires a same-origin explicit write and passes its idempotency key unchanged","duration":1.7223000000000184,"failureMessages":[],"meta":{},"tags":[]},{"ancestorTitles":[],"fullName":"rejects invalid content types and oversized writes before calling the engine","status":"passed","title":"rejects invalid content types and oversized writes before calling the engine","duration":0.8339999999999463,"failureMessages":[],"meta":{},"tags":[]},{"ancestorTitles":[],"fullName":"keeps admin routes on the exact admin host and origin, before identity lookup","status":"passed","title":"keeps admin routes on the exact admin host and origin, before identity lookup","duration":0.9691000000000258,"failureMessages":[],"meta":{},"tags":[]},{"ancestorTitles":[],"fullName":"requires a session and validates strict read filters and pagination","status":"passed","title":"requires a session and validates strict read filters and pagination","duration":2.7455000000000496,"failureMessages":[],"meta":{},"tags":[]}],"startTime":1788975298193,"endTime":1788975298225.7456,"status":"passed","message":"","name":"C:/Users/rauds/Desktop/Projektid/Broneerimise SaaS/broneering.info/tests/booking-management-http.test.ts"},{"assertionResults":[{"ancestorTitles":[],"fullName":"separates saved language preferences and rejects cross-tenant and non-owner company changes","status":"passed","title":"separates saved language preferences and rejects cross-tenant and non-owner company changes","duration":130.3578,"failureMessages":[],"meta":{},"tags":[]},{"ancestorTitles":[],"fullName":"retains the booking language in notices after administrator changes and supports legacy retries","status":"passed","title":"retains the booking language in notices after administrator changes and supports legacy retries","duration":176.05100000000004,"failureMessages":[],"meta":{},"tags":[]},{"ancestorTitles":[],"fullName":"15: manual and public creation compete for the same allocation","status":"passed","title":"15: manual and public creation compete for the same allocation","duration":113.11209999999994,"failureMessages":[],"meta":{},"tags":[]},{"ancestorTitles":[],"fullName":"15: two bookings racing for one new slot move only one and preserve the losing allocation","status":"passed","title":"15: two bookings racing for one new slot move only one and preserve the losing allocation","duration":179.56680000000006,"failureMessages":[],"meta":{},"tags":[]},{"ancestorTitles":[],"fullName":"15: rejects a management link that expires while its command waits for the tenant lock","status":"passed","title":"15: rejects a management link that expires while its command waits for the tenant lock","duration":2259.7095,"failureMessages":[],"meta":{},"tags":[]},{"ancestorTitles":[],"fullName":"requires an owner-selected link policy and preserves contacts for issued links","status":"passed","title":"requires an owner-selected link policy and preserves contacts for issued links","duration":156.54960000000028,"failureMessages":[],"meta":{},"tags":[]},{"ancestorTitles":[],"fullName":"stores only a token hash and encrypted replay data; GET has no side effects and creation replays exactly","status":"passed","title":"stores only a token hash and encrypted replay data; GET has no side effects and creation replays exactly","duration":149.48770000000013,"failureMessages":[],"meta":{},"tags":[]},{"ancestorTitles":[],"fullName":"rejects forged, foreign, expired and revoked links; reissuing grants only the new secret","status":"passed","title":"rejects forged, foreign, expired and revoked links; reissuing grants only the new secret","duration":163.83870000000024,"failureMessages":[],"meta":{},"tags":[]},{"ancestorTitles":[],"fullName":"atomically moves a booking into a slot overlapping its own old occupancy and keeps original cancellation terms","status":"passed","title":"atomically moves a booking into a slot overlapping its own old occupancy and keeps original cancellation terms","duration":159.16980000000012,"failureMessages":[],"meta":{},"tags":[]},{"ancestorTitles":[],"fullName":"leaves the old booking and notices intact when the new price, rules or availability are stale","status":"passed","title":"leaves the old booking and notices intact when the new price, rules or availability are stale","duration":167.12019999999984,"failureMessages":[],"meta":{},"tags":[]},{"ancestorTitles":[],"fullName":"accepts exactly one of two administrators editing the same version","status":"passed","title":"accepts exactly one of two administrators editing the same version","duration":128.8759,"failureMessages":[],"meta":{},"tags":[]},{"ancestorTitles":[],"fullName":"replays cancellation without duplicate effects and reports a changed creation snapshot","status":"passed","title":"replays cancellation without duplicate effects and reports a changed creation snapshot","duration":158.72540000000026,"failureMessages":[],"meta":{},"tags":[]},{"ancestorTitles":[],"fullName":"enforces the booked deadline despite changed tenant settings; only a reasoned administrator exception succeeds","status":"passed","title":"enforces the booked deadline despite changed tenant settings; only a reasoned administrator exception succeeds","duration":151.79430000000048,"failureMessages":[],"meta":{},"tags":[]},{"ancestorTitles":[],"fullName":"restricts staff reads and writes to their own bookings and rechecks revoked memberships","status":"passed","title":"restricts staff reads and writes to their own bookings and rechecks revoked memberships","duration":162.2498000000005,"failureMessages":[],"meta":{},"tags":[]},{"ancestorTitles":[],"fullName":"allows manual hidden-service bookings without invented email and replays lost replies","status":"passed","title":"allows manual hidden-service bookings without invented email and replays lost replies","duration":131.8056999999999,"failureMessages":[],"meta":{},"tags":[]},{"ancestorTitles":[],"fullName":"logs completion and no-show corrections, rejects early status and cannot restore a cancellation","status":"passed","title":"logs completion and no-show corrections, rejects early status and cannot restore a cancellation","duration":141.70579999999973,"failureMessages":[],"meta":{},"tags":[]},{"ancestorTitles":[],"fullName":"previews a conflicting closure then queues affected bookings without moving or cancelling them","status":"passed","title":"previews a conflicting closure then queues affected bookings without moving or cancelling them","duration":182.26040000000012,"failureMessages":[],"meta":{},"tags":[]},{"ancestorTitles":[],"fullName":"keeps post-service buffers occupied after attendance is completed or corrected to no-show","status":"passed","title":"keeps post-service buffers occupied after attendance is completed or corrected to no-show","duration":203.47429999999986,"failureMessages":[],"meta":{},"tags":[]},{"ancestorTitles":[],"fullName":"marks a replayed command as historical when another accepted command has since changed the booking","status":"passed","title":"marks a replayed command as historical when another accepted command has since changed the booking","duration":101.35040000000026,"failureMessages":[],"meta":{},"tags":[]},{"ancestorTitles":[],"fullName":"archives departing staff, revokes company access and sessions, keeps history and queues future bookings","status":"passed","title":"archives departing staff, revokes company access and sessions, keeps history and queues future bookings","duration":136.8150999999998,"failureMessages":[],"meta":{},"tags":[]},{"ancestorTitles":[],"fullName":"protects an owner-linked staff account from accidental archival","status":"passed","title":"protects an owner-linked staff account from accidental archival","duration":74.67010000000028,"failureMessages":[],"meta":{},"tags":[]},{"ancestorTitles":[],"fullName":"exports stable calendar identity, updated sequence, cancellation and valid UTF-8 folded text","status":"passed","title":"exports stable calendar identity, updated sequence, cancellation and valid UTF-8 folded text","duration":49.74589999999989,"failureMessages":[],"meta":{},"tags":[]},{"ancestorTitles":[],"fullName":"shows a scoped week and intersects location hours, employee hours and absences","status":"passed","title":"shows a scoped week and intersects location hours, employee hours and absences","duration":101.83470000000034,"failureMessages":[],"meta":{},"tags":[]},{"ancestorTitles":[],"fullName":"keeps local week boundaries through daylight saving and preserves archived bookings","status":"passed","title":"keeps local week boundaries through daylight saving and preserves archived bookings","duration":107.49319999999989,"failureMessages":[],"meta":{},"tags":[]},{"ancestorTitles":[],"fullName":"aggregates only the selected calendar scope with cancellation value excluded","status":"passed","title":"aggregates only the selected calendar scope with cancellation value excluded","duration":144.52799999999934,"failureMessages":[],"meta":{},"tags":[]},{"ancestorTitles":[],"fullName":"groups exact contact snapshots and isolates the customer register and export permissions","status":"passed","title":"groups exact contact snapshots and isolates the customer register and export permissions","duration":148.84839999999986,"failureMessages":[],"meta":{},"tags":[]},{"ancestorTitles":[],"fullName":"audits concurrent customer corrections without changing booking snapshots or notices","status":"passed","title":"audits concurrent customer corrections without changing booking snapshots or notices","duration":116.17839999999978,"failureMessages":[],"meta":{},"tags":[]},{"ancestorTitles":[],"fullName":"does not merge contactless customers and searches literal wildcard characters","status":"passed","title":"does not merge contactless customers and searches literal wildcard characters","duration":124.71119999999974,"failureMessages":[],"meta":{},"tags":[]},{"ancestorTitles":[],"fullName":"validates customer inputs and reports the actual notice queue state","status":"passed","title":"validates customer inputs and reports the actual notice queue state","duration":101.9430999999995,"failureMessages":[],"meta":{},"tags":[]}],"startTime":1788975248432,"endTime":1788975254555.943,"status":"passed","message":"","name":"C:/Users/rauds/Desktop/Projektid/Broneerimise SaaS/broneering.info/tests/booking-management.test.ts"},{"assertionResults":[{"ancestorTitles":[],"fullName":"preserves uncertain commands across admission failures, malformed and unknown replies","status":"passed","title":"preserves uncertain commands across admission failures, malformed and unknown replies","duration":1.0698999999999899,"failureMessages":[],"meta":{},"tags":[]},{"ancestorTitles":[],"fullName":"permits choosing a fresh offer only after an explicit booking rejection","status":"passed","title":"permits choosing a fresh offer only after an explicit booking rejection","duration":0.15670000000000073,"failureMessages":[],"meta":{},"tags":[]}],"startTime":1788975300490,"endTime":1788975300491.1567,"status":"passed","message":"","name":"C:/Users/rauds/Desktop/Projektid/Broneerimise SaaS/broneering.info/tests/booking-mutation-outcome.test.ts"},{"assertionResults":[{"ancestorTitles":["PostgreSQL booking core"],"fullName":"PostgreSQL booking core 15: recovers from a real PostgreSQL deadlock by rerunning the losing transaction","status":"passed","title":"15: recovers from a real PostgreSQL deadlock by rerunning the losing transaction","duration":1221.9165,"failureMessages":[],"meta":{},"tags":[]},{"ancestorTitles":["PostgreSQL booking core"],"fullName":"PostgreSQL booking core 15: retries a complete aborted transaction without duplicate bookings, events or outbox","status":"passed","title":"15: retries a complete aborted transaction without duplicate bookings, events or outbox","duration":280.72130000000016,"failureMessages":[],"meta":{},"tags":[]},{"ancestorTitles":["PostgreSQL booking core"],"fullName":"PostgreSQL booking core 15: limits aborted transaction retries and does not retry business or timeout failures","status":"passed","title":"15: limits aborted transaction retries and does not retry business or timeout failures","duration":332.41110000000003,"failureMessages":[],"meta":{},"tags":[]},{"ancestorTitles":["PostgreSQL booking core"],"fullName":"PostgreSQL booking core 09/AT-05: any-worker offers are the exact union of concrete workers, including equal and different prices","status":"passed","title":"09/AT-05: any-worker offers are the exact union of concrete workers, including equal and different prices","duration":197.49450000000024,"failureMessages":[],"meta":{},"tags":[]},{"ancestorTitles":["PostgreSQL booking core"],"fullName":"PostgreSQL booking core 09/AT-11: a taken concrete offer never falls back to an available colleague","status":"passed","title":"09/AT-11: a taken concrete offer never falls back to an available colleague","duration":183.12509999999975,"failureMessages":[],"meta":{},"tags":[]},{"ancestorTitles":["PostgreSQL booking core"],"fullName":"PostgreSQL booking core 09/AT-06: changed price or duration cannot select a cheaper or shorter colleague instead","status":"passed","title":"09/AT-06: changed price or duration cannot select a cheaper or shorter colleague instead","duration":157.3054000000002,"failureMessages":[],"meta":{},"tags":[]},{"ancestorTitles":["PostgreSQL booking core"],"fullName":"PostgreSQL booking core 09/AT-01: service eligibility remains distinct from a worker having no free hours","status":"passed","title":"09/AT-01: service eligibility remains distinct from a worker having no free hours","duration":146.53009999999995,"failureMessages":[],"meta":{},"tags":[]},{"ancestorTitles":["PostgreSQL booking core"],"fullName":"PostgreSQL booking core 08/D-09: personal catalog uses only linked staff services and their concrete price and duration","status":"passed","title":"08/D-09: personal catalog uses only linked staff services and their concrete price and duration","duration":141.47780000000012,"failureMessages":[],"meta":{},"tags":[]},{"ancestorTitles":["PostgreSQL booking core"],"fullName":"PostgreSQL booking core 08: next free day skips closed dates without creating or choosing a booking","status":"passed","title":"08: next free day skips closed dates without creating or choosing a booking","duration":166.95730000000003,"failureMessages":[],"meta":{},"tags":[]},{"ancestorTitles":["PostgreSQL booking core"],"fullName":"PostgreSQL booking core 08: next free day search is bounded, resumable, and respects the current booking window","status":"passed","title":"08: next free day search is bounded, resumable, and respects the current booking window","duration":451.62609999999995,"failureMessages":[],"meta":{},"tags":[]},{"ancestorTitles":["PostgreSQL booking core"],"fullName":"PostgreSQL booking core AT-11: 50 competing requests create exactly one booking and one outbox event","status":"passed","title":"AT-11: 50 competing requests create exactly one booking and one outbox event","duration":530.8564000000001,"failureMessages":[],"meta":{},"tags":[]},{"ancestorTitles":["PostgreSQL booking core"],"fullName":"PostgreSQL booking core AT-12/13: concurrent retries share one result; changed body conflicts","status":"passed","title":"AT-12/13: concurrent retries share one result; changed body conflicts","duration":168.7116000000001,"failureMessages":[],"meta":{},"tags":[]},{"ancestorTitles":["PostgreSQL booking core"],"fullName":"PostgreSQL booking core AT-19/21/22: tenant data and connection contexts stay separate","status":"passed","title":"AT-19/21/22: tenant data and connection contexts stay separate","duration":182.71059999999943,"failureMessages":[],"meta":{},"tags":[]},{"ancestorTitles":["PostgreSQL booking core"],"fullName":"PostgreSQL booking core AT-02/19: forged cross-tenant service or staff fails","status":"passed","title":"AT-02/19: forged cross-tenant service or staff fails","duration":142.54150000000027,"failureMessages":[],"meta":{},"tags":[]},{"ancestorTitles":["PostgreSQL booking core"],"fullName":"PostgreSQL booking core AT-09/10: buffers and lunch break are included in availability","status":"passed","title":"AT-09/10: buffers and lunch break are included in availability","duration":154.42150000000038,"failureMessages":[],"meta":{},"tags":[]},{"ancestorTitles":["PostgreSQL booking core"],"fullName":"PostgreSQL booking core AT-10: closed and replacement day schedules override weekly intervals","status":"passed","title":"AT-10: closed and replacement day schedules override weekly intervals","duration":142.04629999999997,"failureMessages":[],"meta":{},"tags":[]},{"ancestorTitles":["PostgreSQL booking core"],"fullName":"PostgreSQL booking core AT-07/08: server lead time applies at availability and confirmation","status":"passed","title":"AT-07/08: server lead time applies at availability and confirmation","duration":156.34590000000026,"failureMessages":[],"meta":{},"tags":[]},{"ancestorTitles":["PostgreSQL booking core"],"fullName":"PostgreSQL booking core price changes must be reviewed again","status":"passed","title":"price changes must be reviewed again","duration":149.84799999999996,"failureMessages":[],"meta":{},"tags":[]},{"ancestorTitles":["PostgreSQL booking core"],"fullName":"PostgreSQL booking core AT-27: exact hostname lookup fails closed for unknown and reserved names","status":"passed","title":"AT-27: exact hostname lookup fails closed for unknown and reserved names","duration":173.4318999999996,"failureMessages":[],"meta":{},"tags":[]},{"ancestorTitles":["PostgreSQL booking core"],"fullName":"PostgreSQL booking core database constraint rejects overlapping allocations even outside application code","status":"passed","title":"database constraint rejects overlapping allocations even outside application code","duration":192.4328999999998,"failureMessages":[],"meta":{},"tags":[]},{"ancestorTitles":["PostgreSQL booking core"],"fullName":"PostgreSQL booking core RLS rejects writes carrying another tenant context","status":"passed","title":"RLS rejects writes carrying another tenant context","duration":148.20579999999973,"failureMessages":[],"meta":{},"tags":[]},{"ancestorTitles":["AT-17: Europe/Tallinn daylight saving"],"fullName":"AT-17: Europe/Tallinn daylight saving skips nonexistent spring and ambiguous autumn wall times","status":"passed","title":"skips nonexistent spring and ambiguous autumn wall times","duration":120.64120000000003,"failureMessages":[],"meta":{},"tags":[]}],"startTime":1788975267551,"endTime":1788975273093.641,"status":"passed","message":"","name":"C:/Users/rauds/Desktop/Projektid/Broneerimise SaaS/broneering.info/tests/booking.test.ts"},{"assertionResults":[{"ancestorTitles":[],"fullName":"stops new booking immediately without deleting appointments, domains or temporary export access","status":"passed","title":"stops new booking immediately without deleting appointments, domains or temporary export access","duration":105.50810000000001,"failureMessages":[],"meta":{},"tags":[]},{"ancestorTitles":[],"fullName":"enforces expired data access without a worker and keeps only owner exit metadata readable","status":"passed","title":"enforces expired data access without a worker and keeps only owner exit metadata readable","duration":66.31880000000001,"failureMessages":[],"meta":{},"tags":[]},{"ancestorTitles":[],"fullName":"requires ordered dates and preserves paused publication on cancellation","status":"passed","title":"requires ordered dates and preserves paused publication on cancellation","duration":53.456500000000005,"failureMessages":[],"meta":{},"tags":[]},{"ancestorTitles":[],"fullName":"suppresses queued notifications after the contracted service end","status":"passed","title":"suppresses queued notifications after the contracted service end","duration":52.738899999999944,"failureMessages":[],"meta":{},"tags":[]}],"startTime":1788975293820,"endTime":1788975294097.739,"status":"passed","message":"","name":"C:/Users/rauds/Desktop/Projektid/Broneerimise SaaS/broneering.info/tests/company-exit.test.ts"},{"assertionResults":[{"ancestorTitles":[],"fullName":"creates a private draft and one initial owner invitation, with atomic replay","status":"passed","title":"creates a private draft and one initial owner invitation, with atomic replay","duration":68.22980000000004,"failureMessages":[],"meta":{},"tags":[]},{"ancestorTitles":[],"fullName":"checks live platform privileges, MFA, and disabled state even on replay","status":"passed","title":"checks live platform privileges, MFA, and disabled state even on replay","duration":43.28910000000002,"failureMessages":[],"meta":{},"tags":[]},{"ancestorTitles":[],"fullName":"retains domain reservations and rolls back rejected provisioning","status":"passed","title":"retains domain reservations and rolls back rejected provisioning","duration":47.745900000000006,"failureMessages":[],"meta":{},"tags":[]},{"ancestorTitles":[],"fullName":"renews an expired bootstrap invitation for the same email and invalidates previous links","status":"passed","title":"renews an expired bootstrap invitation for the same email and invalidates previous links","duration":74.24340000000001,"failureMessages":[],"meta":{},"tags":[]},{"ancestorTitles":[],"fullName":"rejects renewal without platform authority and refuses stale invitation selection","status":"passed","title":"rejects renewal without platform authority and refuses stale invitation selection","duration":42.129399999999976,"failureMessages":[],"meta":{},"tags":[]}],"startTime":1788975293218,"endTime":1788975293494.1294,"status":"passed","message":"","name":"C:/Users/rauds/Desktop/Projektid/Broneerimise SaaS/broneering.info/tests/company-provisioning.test.ts"},{"assertionResults":[{"ancestorTitles":[],"fullName":"protects customer reads and writes with exact host, session and same-origin gates","status":"passed","title":"protects customer reads and writes with exact host, session and same-origin gates","duration":18.17530000000002,"failureMessages":[],"meta":{},"tags":[]},{"ancestorTitles":[],"fullName":"delivers customer CSV as a non-cacheable attachment","status":"passed","title":"delivers customer CSV as a non-cacheable attachment","duration":1.3667000000000087,"failureMessages":[],"meta":{},"tags":[]}],"startTime":1788975299638,"endTime":1788975299657.3667,"status":"passed","message":"","name":"C:/Users/rauds/Desktop/Projektid/Broneerimise SaaS/broneering.info/tests/customer-management-http.test.ts"},{"assertionResults":[{"ancestorTitles":[],"fullName":"removes selected contacts and aliases, revokes links and exports, and prevents restoration","status":"passed","title":"removes selected contacts and aliases, revokes links and exports, and prevents restoration","duration":173.02620000000002,"failureMessages":[],"meta":{},"tags":[]},{"ancestorTitles":[],"fullName":"enforces legal holds and owner checks inside both service and database removal","status":"passed","title":"enforces legal holds and owner checks inside both service and database removal","duration":61.487499999999955,"failureMessages":[],"meta":{},"tags":[]},{"ancestorTitles":[],"fullName":"keeps retention inactive by default and versions owner-approved changes and legal holds","status":"passed","title":"keeps retention inactive by default and versions owner-approved changes and legal holds","duration":73.53650000000005,"failureMessages":[],"meta":{},"tags":[]},{"ancestorTitles":[],"fullName":"exports only the selected person and explicit aliases, with owner and identity checks","status":"passed","title":"exports only the selected person and explicit aliases, with owner and identity checks","duration":71.47950000000003,"failureMessages":[],"meta":{},"tags":[]},{"ancestorTitles":[],"fullName":"merges only selected cards, preserves snapshots and routes future exact contact matches through aliases","status":"passed","title":"merges only selected cards, preserves snapshots and routes future exact contact matches through aliases","duration":79.89850000000001,"failureMessages":[],"meta":{},"tags":[]},{"ancestorTitles":[],"fullName":"rejects stale, foreign, unauthorized and changed retry requests","status":"passed","title":"rejects stale, foreign, unauthorized and changed retry requests","duration":65.88880000000006,"failureMessages":[],"meta":{},"tags":[]}],"startTime":1788975290466,"endTime":1788975290990.889,"status":"passed","message":"","name":"C:/Users/rauds/Desktop/Projektid/Broneerimise SaaS/broneering.info/tests/customer-merge.test.ts"},{"assertionResults":[{"ancestorTitles":[],"fullName":"gates contact disclosure and removal by host, session and exact origin","status":"passed","title":"gates contact disclosure and removal by host, session and exact origin","duration":17.736999999999995,"failureMessages":[],"meta":{},"tags":[]},{"ancestorTitles":[],"fullName":"returns a non-cacheable attachment and keeps preview read-only","status":"passed","title":"returns a non-cacheable attachment and keeps preview read-only","duration":2.0497000000000014,"failureMessages":[],"meta":{},"tags":[]}],"startTime":1788975299199,"endTime":1788975299219.0498,"status":"passed","message":"","name":"C:/Users/rauds/Desktop/Projektid/Broneerimise SaaS/broneering.info/tests/customer-privacy-http.test.ts"},{"assertionResults":[{"ancestorTitles":[],"fullName":"rejects forged booking duration, buffers, currency and non-positive versions","status":"passed","title":"rejects forged booking duration, buffers, currency and non-positive versions","duration":45.61530000000002,"failureMessages":[],"meta":{},"tags":[]},{"ancestorTitles":[],"fullName":"rejects invalid timezones and overlapping local hours but permits adjacent intervals","status":"passed","title":"rejects invalid timezones and overlapping local hours but permits adjacent intervals","duration":48.466499999999996,"failureMessages":[],"meta":{},"tags":[]},{"ancestorTitles":[],"fullName":"isolates all new tenant tables and read projections using the application database role","status":"passed","title":"isolates all new tenant tables and read projections using the application database role","duration":46.06790000000004,"failureMessages":[],"meta":{},"tags":[]},{"ancestorTitles":[],"fullName":"uses composite foreign keys for files, imports, subscriptions and payments","status":"passed","title":"uses composite foreign keys for files, imports, subscriptions and payments","duration":38.934799999999996,"failureMessages":[],"meta":{},"tags":[]},{"ancestorTitles":[],"fullName":"keeps published theme snapshots separate from drafts and rejects file path traversal","status":"passed","title":"keeps published theme snapshots separate from drafts and rejects file path traversal","duration":35.66890000000001,"failureMessages":[],"meta":{},"tags":[]},{"ancestorTitles":[],"fullName":"keeps plan versions and issued invoice snapshots immutable and prevents duplicate periods","status":"passed","title":"keeps plan versions and issued invoice snapshots immutable and prevents duplicate periods","duration":40.11629999999997,"failureMessages":[],"meta":{},"tags":[]},{"ancestorTitles":[],"fullName":"records corrections by reversing payments and requires export expiry and import approval","status":"passed","title":"records corrections by reversing payments and requires export expiry and import approval","duration":38.36239999999998,"failureMessages":[],"meta":{},"tags":[]}],"startTime":1788975294266,"endTime":1788975294559.3623,"status":"passed","message":"","name":"C:/Users/rauds/Desktop/Projektid/Broneerimise SaaS/broneering.info/tests/data-model.test.ts"},{"assertionResults":[{"ancestorTitles":[],"fullName":"does not replay an unknown commit outcome and discards a connection whose rollback fails","status":"passed","title":"does not replay an unknown commit outcome and discards a connection whose rollback fails","duration":3.0718000000000245,"failureMessages":[],"meta":{},"tags":[]}],"startTime":1788975299991,"endTime":1788975299994.0718,"status":"passed","message":"","name":"C:/Users/rauds/Desktop/Projektid/Broneerimise SaaS/broneering.info/tests/db.test.ts"},{"assertionResults":[{"ancestorTitles":["Embedding origin and v1 protocol"],"fullName":"Embedding origin and v1 protocol normalizes exact origins and rejects wildcards, paths and credentials","status":"passed","title":"normalizes exact origins and rejects wildcards, paths and credentials","duration":2.234800000000007,"failureMessages":[],"meta":{},"tags":[]},{"ancestorTitles":["Embedding origin and v1 protocol"],"fullName":"Embedding origin and v1 protocol accepts only exact layout message schemas and bounded integer heights","status":"passed","title":"accepts only exact layout message schemas and bounded integer heights","duration":0.37059999999999604,"failureMessages":[],"meta":{},"tags":[]},{"ancestorTitles":["Embedding origin and v1 protocol"],"fullName":"Embedding origin and v1 protocol keeps original links and safely encodes the parent origin in generated snippets","status":"passed","title":"keeps original links and safely encodes the parent origin in generated snippets","duration":0.46350000000001046,"failureMessages":[],"meta":{},"tags":[]},{"ancestorTitles":["Domain and embedding database boundaries"],"fullName":"Domain and embedding database boundaries keeps a pending domain closed until HTTPS provisioning succeeds","status":"passed","title":"keeps a pending domain closed until HTTPS provisioning succeeds","duration":17.12510000000003,"failureMessages":[],"meta":{},"tags":[]},{"ancestorTitles":["Domain and embedding database boundaries"],"fullName":"Domain and embedding database boundaries permits only the MFA owner to edit exact website origins","status":"passed","title":"permits only the MFA owner to edit exact website origins","duration":32.69820000000004,"failureMessages":[],"meta":{},"tags":[]},{"ancestorTitles":["Domain and embedding database boundaries"],"fullName":"Domain and embedding database boundaries does not erase saved settings when an invalid origin is submitted","status":"passed","title":"does not erase saved settings when an invalid origin is submitted","duration":3.646000000000015,"failureMessages":[],"meta":{},"tags":[]},{"ancestorTitles":["Domain and embedding database boundaries"],"fullName":"Domain and embedding database boundaries sets a host-specific frame policy and closes it after removal","status":"passed","title":"sets a host-specific frame policy and closes it after removal","duration":21.466099999999983,"failureMessages":[],"meta":{},"tags":[]},{"ancestorTitles":["Domain and embedding database boundaries"],"fullName":"Domain and embedding database boundaries does not reassign an old address after deleting its current domain row","status":"passed","title":"does not reassign an old address after deleting its current domain row","duration":4.2350999999999885,"failureMessages":[],"meta":{},"tags":[]}],"startTime":1788975295632,"endTime":1788975295753.235,"status":"passed","message":"","name":"C:/Users/rauds/Desktop/Projektid/Broneerimise SaaS/broneering.info/tests/embed.test.ts"},{"assertionResults":[{"ancestorTitles":[],"fullName":"cannot publish a snapshot taken before contact removal and physically removes ready exports","status":"passed","title":"cannot publish a snapshot taken before contact removal and physically removes ready exports","duration":247.88660000000002,"failureMessages":[],"meta":{},"tags":[]},{"ancestorTitles":[],"fullName":"streams multiple cursor batches from one snapshot and excludes other tenants and credentials","status":"passed","title":"streams multiple cursor batches from one snapshot and excludes other tenants and credentials","duration":239.17770000000002,"failureMessages":[],"meta":{},"tags":[]},{"ancestorTitles":[],"fullName":"deduplicates requests and claims, while checking live owner rights at download","status":"passed","title":"deduplicates requests and claims, while checking live owner rights at download","duration":114.41650000000004,"failureMessages":[],"meta":{},"tags":[]},{"ancestorTitles":[],"fullName":"expires files and rejects download before the cleanup worker runs","status":"passed","title":"expires files and rejects download before the cleanup worker runs","duration":102.96900000000005,"failureMessages":[],"meta":{},"tags":[]},{"ancestorTitles":[],"fullName":"reclaims expired leases and refuses obsolete or unauthorized workers","status":"passed","title":"reclaims expired leases and refuses obsolete or unauthorized workers","duration":61.573800000000006,"failureMessages":[],"meta":{},"tags":[]},{"ancestorTitles":[],"fullName":"rejects public storage paths and filename traversal","status":"passed","title":"rejects public storage paths and filename traversal","duration":31.60730000000001,"failureMessages":[],"meta":{},"tags":[]},{"ancestorTitles":[],"fullName":"removes only old unreferenced private files","status":"passed","title":"removes only old unreferenced private files","duration":37.7364,"failureMessages":[],"meta":{},"tags":[]}],"startTime":1788975287534,"endTime":1788975288369.7363,"status":"passed","message":"","name":"C:/Users/rauds/Desktop/Projektid/Broneerimise SaaS/broneering.info/tests/exports.test.ts"},{"assertionResults":[{"ancestorTitles":["bounded import CSV input"],"fullName":"bounded import CSV input preserves quoted delimiters, newlines, escaped quotes, unicode and blank final cells","status":"passed","title":"preserves quoted delimiters, newlines, escaped quotes, unicode and blank final cells","duration":1.4338999999999942,"failureMessages":[],"meta":{},"tags":[]},{"ancestorTitles":["bounded import CSV input"],"fullName":"bounded import CSV input reports row widths without shifting cells or silently discarding empty rows","status":"passed","title":"reports row widths without shifting cells or silently discarding empty rows","duration":0.2810000000000059,"failureMessages":[],"meta":{},"tags":[]},{"ancestorTitles":["bounded import CSV input"],"fullName":"bounded import CSV input rejects malformed quotes, duplicate headers, controls and empty data","status":"passed","title":"rejects malformed quotes, duplicate headers, controls and empty data","duration":0.8571000000000026,"failureMessages":[],"meta":{},"tags":[]},{"ancestorTitles":["bounded import CSV input"],"fullName":"bounded import CSV input enforces field, column, row and byte bounds","status":"passed","title":"enforces field, column, row and byte bounds","duration":5.789099999999991,"failureMessages":[],"meta":{},"tags":[]},{"ancestorTitles":["bounded import CSV input"],"fullName":"bounded import CSV input rejects invalid UTF-8 and incorrect media types","status":"passed","title":"rejects invalid UTF-8 and incorrect media types","duration":25.893,"failureMessages":[],"meta":{},"tags":[]}],"startTime":1788975297553,"endTime":1788975297587.893,"status":"passed","message":"","name":"C:/Users/rauds/Desktop/Projektid/Broneerimise SaaS/broneering.info/tests/import-csv.test.ts"},{"assertionResults":[{"ancestorTitles":[],"fullName":"distinguishes both DST fold occurrences and refuses nonexistent local times and missing offsets","status":"passed","title":"distinguishes both DST fold occurrences and refuses nonexistent local times and missing offsets","duration":17.290999999999997,"failureMessages":[],"meta":{},"tags":[]},{"ancestorTitles":[],"fullName":"provides complete parseable templates with distinct required mappings","status":"passed","title":"provides complete parseable templates with distinct required mappings","duration":1.1820999999999913,"failureMessages":[],"meta":{},"tags":[]}],"startTime":1788975299016,"endTime":1788975299035.1821,"status":"passed","message":"","name":"C:/Users/rauds/Desktop/Projektid/Broneerimise SaaS/broneering.info/tests/import-fields.test.ts"},{"assertionResults":[{"ancestorTitles":[],"fullName":"blocks contact removal until import source copies have been purged","status":"passed","title":"blocks contact removal until import source copies have been purged","duration":196.6922,"failureMessages":[],"meta":{},"tags":[]},{"ancestorTitles":[],"fullName":"removes completed source copies while preserving imported records and external-ID duplicate checks","status":"passed","title":"removes completed source copies while preserving imported records and external-ID duplicate checks","duration":135.60269999999997,"failureMessages":[],"meta":{},"tags":[]},{"ancestorTitles":[],"fullName":"commits all four kinds, retries once and never sends an initial mail wave","status":"passed","title":"commits all four kinds, retries once and never sends an initial mail wave","duration":278.25419999999997,"failureMessages":[],"meta":{},"tags":[]},{"ancestorTitles":[],"fullName":"cancels unfinished imports, clears contacts and removes their private file idempotently","status":"passed","title":"cancels unfinished imports, clears contacts and removes their private file idempotently","duration":80.13490000000002,"failureMessages":[],"meta":{},"tags":[]},{"ancestorTitles":[],"fullName":"requires explicit skipping and rejects a duplicate completed after preview","status":"passed","title":"requires explicit skipping and rejects a duplicate completed after preview","duration":117.36939999999993,"failureMessages":[],"meta":{},"tags":[]},{"ancestorTitles":[],"fullName":"normalizes mapped rows, flags duplicates and validates preview versions","status":"passed","title":"normalizes mapped rows, flags duplicates and validates preview versions","duration":81.05290000000014,"failureMessages":[],"meta":{},"tags":[]},{"ancestorTitles":[],"fullName":"deduplicates concurrent uploads, preserves separate same-email rows and paginates previews","status":"passed","title":"deduplicates concurrent uploads, preserves separate same-email rows and paginates previews","duration":93.37529999999992,"failureMessages":[],"meta":{},"tags":[]},{"ancestorTitles":[],"fullName":"enforces current owner rights and tenant isolation","status":"passed","title":"enforces current owner rights and tenant isolation","duration":64.11130000000003,"failureMessages":[],"meta":{},"tags":[]},{"ancestorTitles":[],"fullName":"keeps row-level shape errors but rejects malformed files before storage","status":"passed","title":"keeps row-level shape errors but rejects malformed files before storage","duration":60.98059999999987,"failureMessages":[],"meta":{},"tags":[]}],"startTime":1788975284927,"endTime":1788975286034.9807,"status":"passed","message":"","name":"C:/Users/rauds/Desktop/Projektid/Broneerimise SaaS/broneering.info/tests/import-management.test.ts"},{"assertionResults":[{"ancestorTitles":[],"fullName":"requires explicit valid accounting settings, checks current platform rights, and versions concurrent retries once","status":"passed","title":"requires explicit valid accounting settings, checks current platform rights, and versions concurrent retries once","duration":35.685299999999984,"failureMessages":[],"meta":{},"tags":[]},{"ancestorTitles":[],"fullName":"allows only the owner or platform to save recipient details and keeps preview read-only","status":"passed","title":"allows only the owner or platform to save recipient details and keeps preview read-only","duration":46.34649999999999,"failureMessages":[],"meta":{},"tags":[]},{"ancestorTitles":[],"fullName":"issues one immutable invoice under concurrent replay, keeps the gross price, and enforces tenant access","status":"passed","title":"issues one immutable invoice under concurrent replay, keeps the gross price, and enforces tenant access","duration":66.20240000000001,"failureMessages":[],"meta":{},"tags":[]},{"ancestorTitles":[],"fullName":"requires a new preview after configuration changes and never rewrites an issued snapshot","status":"passed","title":"requires a new preview after configuration changes and never rewrites an issued snapshot","duration":24.005899999999997,"failureMessages":[],"meta":{},"tags":[]},{"ancestorTitles":[],"fullName":"credits the full invoice exactly once, preserves received money, and allows a newly reviewed replacement","status":"passed","title":"credits the full invoice exactly once, preserves received money, and allows a newly reviewed replacement","duration":122.87379999999996,"failureMessages":[],"meta":{},"tags":[]},{"ancestorTitles":[],"fullName":"reserves one checkout, accepts signed callbacks once, and preserves actual provider receipts","status":"passed","title":"reserves one checkout, accepts signed callbacks once, and preserves actual provider receipts","duration":207.59789999999998,"failureMessages":[],"meta":{},"tags":[]},{"ancestorTitles":[],"fullName":"activates only a confirmed multiuse token and never reactivates revoked consent","status":"passed","title":"activates only a confirmed multiuse token and never reactivates revoked consent","duration":140.36259999999993,"failureMessages":[],"meta":{},"tags":[]},{"ancestorTitles":[],"fullName":"links an already-paid account with zero charge and charges the next invoice once under concurrent workers","status":"passed","title":"links an already-paid account with zero charge and charges the next invoice once under concurrent workers","duration":133.1787999999999,"failureMessages":[],"meta":{},"tags":[]},{"ancestorTitles":[],"fullName":"limits an invoice bearer link to its own payment and revokes access before replay","status":"passed","title":"limits an invoice bearer link to its own payment and revokes access before replay","duration":83.16129999999998,"failureMessages":[],"meta":{},"tags":[]},{"ancestorTitles":[],"fullName":"reconciles refund callbacks into monotone refund history without erasing original receipts","status":"passed","title":"reconciles refund callbacks into monotone refund history without erasing original receipts","duration":128.3373999999999,"failureMessages":[],"meta":{},"tags":[]},{"ancestorTitles":[],"fullName":"automatically invoices unpaid months once, preserves the anchor, and stops before an agreed end","status":"passed","title":"automatically invoices unpaid months once, preserves the anchor, and stops before an agreed end","duration":52.486000000000104,"failureMessages":[],"meta":{},"tags":[]},{"ancestorTitles":[],"fullName":"queues invoice mail atomically, isolates tenants, retries failures and sends each invoice once","status":"passed","title":"queues invoice mail atomically, isolates tenants, retries failures and sends each invoice once","duration":75.86729999999989,"failureMessages":[],"meta":{},"tags":[]},{"ancestorTitles":[],"fullName":"queues one overdue reminder and suppresses it when the invoice is paid before delivery","status":"passed","title":"queues one overdue reminder and suppresses it when the invoice is paid before delivery","duration":40.72199999999998,"failureMessages":[],"meta":{},"tags":[]},{"ancestorTitles":[],"fullName":"replaces a credited historical month without moving the subscription cursor or copying receipts","status":"passed","title":"replaces a credited historical month without moving the subscription cursor or copying receipts","duration":71.2927000000002,"failureMessages":[],"meta":{},"tags":[]}],"startTime":1788975279075,"endTime":1788975280303.2927,"status":"passed","message":"","name":"C:/Users/rauds/Desktop/Projektid/Broneerimise SaaS/broneering.info/tests/invoices.test.ts"},{"assertionResults":[{"ancestorTitles":[],"fullName":"has complete catalogs with matching interpolation parameters","status":"passed","title":"has complete catalogs with matching interpolation parameters","duration":74.3709,"failureMessages":[],"meta":{},"tags":[]},{"ancestorTitles":[],"fullName":"separates admin and customer preferences and honours explicit selections","status":"passed","title":"separates admin and customer preferences and honours explicit selections","duration":13.210899999999981,"failureMessages":[],"meta":{},"tags":[]},{"ancestorTitles":[],"fullName":"translates messages without translating company content and retains spacing","status":"passed","title":"translates messages without translating company content and retains spacing","duration":0.259900000000016,"failureMessages":[],"meta":{},"tags":[]},{"ancestorTitles":[],"fullName":"returns field-specific errors and accepts valid multilingual contact names","status":"passed","title":"returns field-specific errors and accepts valid multilingual contact names","duration":1.8595000000000255,"failureMessages":[],"meta":{},"tags":[]}],"startTime":1788975297093,"endTime":1788975297182.8596,"status":"passed","message":"","name":"C:/Users/rauds/Desktop/Projektid/Broneerimise SaaS/broneering.info/tests/locales.test.ts"},{"assertionResults":[{"ancestorTitles":[],"fullName":"requires explicit complete HTTPS configuration and exposes no keys in availability","status":"passed","title":"requires explicit complete HTTPS configuration and exposes no keys in availability","duration":3.0005999999999915,"failureMessages":[],"meta":{},"tags":[]},{"ancestorTitles":[],"fullName":"validates the exact signed bytes and shop before accepting a completed payment","status":"passed","title":"validates the exact signed bytes and shop before accepting a completed payment","duration":3.5682999999999936,"failureMessages":[],"meta":{},"tags":[]},{"ancestorTitles":[],"fullName":"accepts a signed token separately from money and rejects malformed tokens and fractional cents","status":"passed","title":"accepts a signed token separately from money and rejects malformed tokens and fractional cents","duration":1.6430000000000007,"failureMessages":[],"meta":{},"tags":[]},{"ancestorTitles":[],"fullName":"creates an exact invoice transaction using server credentials and fixed callbacks","status":"passed","title":"creates an exact invoice transaction using server credentials and fixed callbacks","duration":13.618400000000008,"failureMessages":[],"meta":{},"tags":[]},{"ancestorTitles":[],"fullName":"rejects changed money and unsafe redirects and never retries an uncertain provider call","status":"passed","title":"rejects changed money and unsafe redirects and never retries an uncertain provider call","duration":1.9137000000000057,"failureMessages":[],"meta":{},"tags":[]},{"ancestorTitles":[],"fullName":"reads only the expected transaction and reports definitive declines without raw provider data","status":"passed","title":"reads only the expected transaction and reports definitive declines without raw provider data","duration":1.703899999999976,"failureMessages":[],"meta":{},"tags":[]}],"startTime":1788975298600,"endTime":1788975298625.7039,"status":"passed","message":"","name":"C:/Users/rauds/Desktop/Projektid/Broneerimise SaaS/broneering.info/tests/makecommerce.test.ts"},{"assertionResults":[{"ancestorTitles":[],"fullName":"captures a localized confirmation and the existing secure link without marking it delivered","status":"passed","title":"captures a localized confirmation and the existing secure link without marking it delivered","duration":170.3562,"failureMessages":[],"meta":{},"tags":[]},{"ancestorTitles":[],"fullName":"serializes duplicate workers and sends a claimed job once","status":"passed","title":"serializes duplicate workers and sends a claimed job once","duration":113.65380000000005,"failureMessages":[],"meta":{},"tags":[]},{"ancestorTitles":[],"fullName":"retries temporary SMTP failures with the same Message-ID and no private error text","status":"passed","title":"retries temporary SMTP failures with the same Message-ID and no private error text","duration":123.22859999999991,"failureMessages":[],"meta":{},"tags":[]},{"ancestorTitles":[],"fullName":"requires an owner and a fresh version for retry and observed delivery feedback","status":"passed","title":"requires an owner and a fresh version for retry and observed delivery feedback","duration":139.0580000000001,"failureMessages":[],"meta":{},"tags":[]},{"ancestorTitles":[],"fullName":"reclaims an expired worker lease while rejecting its obsolete claim","status":"passed","title":"reclaims an expired worker lease while rejecting its obsolete claim","duration":101.54539999999997,"failureMessages":[],"meta":{},"tags":[]},{"ancestorTitles":[],"fullName":"invalidates a claimed confirmation and reminder when cancellation commits first","status":"passed","title":"invalidates a claimed confirmation and reminder when cancellation commits first","duration":118.21550000000002,"failureMessages":[],"meta":{},"tags":[]},{"ancestorTitles":[],"fullName":"keeps SMTP out of demo mode, and leaves jobs untouched while transport is disabled","status":"passed","title":"keeps SMTP out of demo mode, and leaves jobs untouched while transport is disabled","duration":89.71960000000013,"failureMessages":[],"meta":{},"tags":[]},{"ancestorTitles":[],"fullName":"applies reminder settings to future pending jobs without issuing a past-due reminder flood","status":"passed","title":"applies reminder settings to future pending jobs without issuing a past-due reminder flood","duration":147.4194,"failureMessages":[],"meta":{},"tags":[]},{"ancestorTitles":[],"fullName":"queues company copies separately and honours manual customer email suppression","status":"passed","title":"queues company copies separately and honours manual customer email suppression","duration":102.3306,"failureMessages":[],"meta":{},"tags":[]},{"ancestorTitles":[],"fullName":"prevents production capture and does not auto-enable unconfigured reminders","status":"passed","title":"prevents production capture and does not auto-enable unconfigured reminders","duration":74.44899999999984,"failureMessages":[],"meta":{},"tags":[]}],"startTime":1788975280691,"endTime":1788975281871.449,"status":"passed","message":"","name":"C:/Users/rauds/Desktop/Projektid/Broneerimise SaaS/broneering.info/tests/notifications.test.ts"},{"assertionResults":[{"ancestorTitles":[],"fullName":"requires a working preview booking and real entitlement before publication","status":"passed","title":"requires a working preview booking and real entitlement before publication","duration":211.55210000000005,"failureMessages":[],"meta":{},"tags":[]},{"ancestorTitles":[],"fullName":"keeps existing bookings and their management links while blocking new bookings on pause","status":"passed","title":"keeps existing bookings and their management links while blocking new bookings on pause","duration":160.22159999999997,"failureMessages":[],"meta":{},"tags":[]},{"ancestorTitles":[],"fullName":"rechecks owner privileges and versions, and invalidates a reviewed rules version","status":"passed","title":"rechecks owner privileges and versions, and invalidates a reviewed rules version","duration":70.16640000000007,"failureMessages":[],"meta":{},"tags":[]},{"ancestorTitles":[],"fullName":"suppresses test mail even if the tenant demo flag later changes","status":"passed","title":"suppresses test mail even if the tenant demo flag later changes","duration":78.84850000000006,"failureMessages":[],"meta":{},"tags":[]}],"startTime":1788975289701,"endTime":1788975290221.8484,"status":"passed","message":"","name":"C:/Users/rauds/Desktop/Projektid/Broneerimise SaaS/broneering.info/tests/onboarding.test.ts"},{"assertionResults":[{"ancestorTitles":["readiness"],"fullName":"readiness returns only generic unavailable on database failure","status":"passed","title":"returns only generic unavailable on database failure","duration":15.719799999999992,"failureMessages":[],"meta":{},"tags":[]},{"ancestorTitles":["readiness"],"fullName":"readiness reports a successful database probe","status":"passed","title":"reports a successful database probe","duration":0.37760000000000105,"failureMessages":[],"meta":{},"tags":[]},{"ancestorTitles":["readiness"],"fullName":"readiness rejects failed safety or migration checks","status":"passed","title":"rejects failed safety or migration checks","duration":0.2190999999999974,"failureMessages":[],"meta":{},"tags":[]},{"ancestorTitles":["readiness"],"fullName":"readiness bounds a stalled probe","status":"passed","title":"bounds a stalled probe","duration":1.9156999999999869,"failureMessages":[],"meta":{},"tags":[]},{"ancestorTitles":["readiness"],"fullName":"readiness requires a safe runtime role and every shipped migration, permitting later migrations","status":"passed","title":"requires a safe runtime role and every shipped migration, permitting later migrations","duration":2.1022999999999854,"failureMessages":[],"meta":{},"tags":[]}],"startTime":1788975299358,"endTime":1788975299378.1023,"status":"passed","message":"","name":"C:/Users/rauds/Desktop/Projektid/Broneerimise SaaS/broneering.info/tests/operations-health.test.ts"},{"assertionResults":[{"ancestorTitles":[],"fullName":"checks ownership before disabled provider configuration and creates no payment attempt","status":"passed","title":"checks ownership before disabled provider configuration and creates no payment attempt","duration":74.8802,"failureMessages":[],"meta":{},"tags":[]},{"ancestorTitles":[],"fullName":"withholds stale checkout capabilities on all replay/read paths without losing provider receipts","status":"passed","title":"withholds stale checkout capabilities on all replay/read paths without losing provider receipts","duration":195.89440000000002,"failureMessages":[],"meta":{},"tags":[]},{"ancestorTitles":[],"fullName":"rechecks the invoice after the link provider call and keeps the stale attempt reconcilable","status":"passed","title":"rechecks the invoice after the link provider call and keeps the stale attempt reconcilable","duration":102.0983,"failureMessages":[],"meta":{},"tags":[]},{"ancestorTitles":[],"fullName":"rechecks the invoice after the enroll provider call and keeps the stale attempt reconcilable","status":"passed","title":"rechecks the invoice after the enroll provider call and keeps the stale attempt reconcilable","duration":100.84129999999993,"failureMessages":[],"meta":{},"tags":[]},{"ancestorTitles":[],"fullName":"withholds an existing checkout after a 3500-cent receipt settles the invoice","status":"passed","title":"withholds an existing checkout after a 3500-cent receipt settles the invoice","duration":90.96400000000006,"failureMessages":[],"meta":{},"tags":[]},{"ancestorTitles":[],"fullName":"withholds an existing checkout after a 4500-cent receipt settles the invoice","status":"passed","title":"withholds an existing checkout after a 4500-cent receipt settles the invoice","duration":94.67700000000002,"failureMessages":[],"meta":{},"tags":[]}],"startTime":1788975291288,"endTime":1788975291947.677,"status":"passed","message":"","name":"C:/Users/rauds/Desktop/Projektid/Broneerimise SaaS/broneering.info/tests/payment-checkout-freshness.test.ts"},{"assertionResults":[{"ancestorTitles":[],"fullName":"honors the due day until local midnight, without trusting a cached paid status","status":"passed","title":"honors the due day until local midnight, without trusting a cached paid status","duration":59.385400000000004,"failureMessages":[],"meta":{},"tags":[]},{"ancestorTitles":[],"fullName":"records partial payments once, rejects duplicate bank entries, and reaches paid-through only on settlement","status":"passed","title":"records partial payments once, rejects duplicate bank entries, and reaches paid-through only on settlement","duration":122.47770000000003,"failureMessages":[],"meta":{},"tags":[]},{"ancestorTitles":[],"fullName":"reverses a mistaken record without deleting history and can reuse its bank entry for the correction","status":"passed","title":"reverses a mistaken record without deleting history and can reuse its bank entry for the correction","duration":91.88850000000002,"failureMessages":[],"meta":{},"tags":[]},{"ancestorTitles":[],"fullName":"requires explicit overpayment confirmation and rejects future bank dates","status":"passed","title":"requires explicit overpayment confirmation and rejects future bank dates","duration":54.929700000000025,"failureMessages":[],"meta":{},"tags":[]},{"ancestorTitles":[],"fullName":"does not jump a paid period past older debt and retracts coverage after reversal","status":"passed","title":"does not jump a paid period past older debt and retracts coverage after reversal","duration":80.94280000000003,"failureMessages":[],"meta":{},"tags":[]},{"ancestorTitles":[],"fullName":"does not treat a missing earlier invoice as a paid or covered period","status":"passed","title":"does not treat a missing earlier invoice as a paid or covered period","duration":49.974199999999996,"failureMessages":[],"meta":{},"tags":[]},{"ancestorTitles":[],"fullName":"blocks new public, manual and imported bookings while preserving existing booking management and export","status":"passed","title":"blocks new public, manual and imported bookings while preserving existing booking management and export","duration":248.07420000000002,"failureMessages":[],"meta":{},"tags":[]}],"startTime":1788975288658,"endTime":1788975289366.0742,"status":"passed","message":"","name":"C:/Users/rauds/Desktop/Projektid/Broneerimise SaaS/broneering.info/tests/payments.test.ts"},{"assertionResults":[{"ancestorTitles":[],"fullName":"encrypts private files and removal records, verifies integrity and refuses a nonempty restore target","status":"passed","title":"encrypts private files and removal records, verifies integrity and refuses a nonempty restore target","duration":36.94290000000001,"failureMessages":[],"meta":{},"tags":[]},{"ancestorTitles":[],"fullName":"rejects modified encrypted content before publishing a restored directory","status":"passed","title":"rejects modified encrypted content before publishing a restored directory","duration":13.110299999999995,"failureMessages":[],"meta":{},"tags":[]}],"startTime":1788975297369,"endTime":1788975297419.1104,"status":"passed","message":"","name":"C:/Users/rauds/Desktop/Projektid/Broneerimise SaaS/broneering.info/tests/recovery-artifact.test.ts"},{"assertionResults":[{"ancestorTitles":[],"fullName":"replays a later removal on an isolated older database without erasing unrelated contacts","status":"passed","title":"replays a later removal on an isolated older database without erasing unrelated contacts","duration":1050.8970000000002,"failureMessages":[],"meta":{},"tags":[]}],"startTime":1788975286256,"endTime":1788975287306.897,"status":"passed","message":"","name":"C:/Users/rauds/Desktop/Projektid/Broneerimise SaaS/broneering.info/tests/recovery-reconcile.test.ts"},{"assertionResults":[{"ancestorTitles":[],"fullName":"shares an atomic limit across independent connection pools and retains no raw scope","status":"passed","title":"shares an atomic limit across independent connection pools and retains no raw scope","duration":64.34680000000003,"failureMessages":[],"meta":{},"tags":[]},{"ancestorTitles":[],"fullName":"resets expired windows and reports a retry delay","status":"passed","title":"resets expired windows and reports a retry delay","duration":19.56970000000001,"failureMessages":[],"meta":{},"tags":[]},{"ancestorTitles":[],"fullName":"fails closed during admission storage outage without exposing database errors","status":"passed","title":"fails closed during admission storage outage without exposing database errors","duration":1.4712000000000103,"failureMessages":[],"meta":{},"tags":[]},{"ancestorTitles":[],"fullName":"rejects malformed, credential-bearing and cross-scheme Origins with a controlled 403","status":"passed","title":"rejects malformed, credential-bearing and cross-scheme Origins with a controlled 403","duration":1.9132999999999925,"failureMessages":[],"meta":{},"tags":[]},{"ancestorTitles":[],"fullName":"logs bounded aggregate rejection signals without accepting raw request data","status":"passed","title":"logs bounded aggregate rejection signals without accepting raw request data","duration":1.2425999999999817,"failureMessages":[],"meta":{},"tags":[]}],"startTime":1788975295991,"endTime":1788975296079.2427,"status":"passed","message":"","name":"C:/Users/rauds/Desktop/Projektid/Broneerimise SaaS/broneering.info/tests/request-limits.test.ts"},{"assertionResults":[{"ancestorTitles":[],"fullName":"intersects location and staff hours and excludes pauses including buffers","status":"passed","title":"intersects location and staff hours and excludes pauses including buffers","duration":201.7656,"failureMessages":[],"meta":{},"tags":[]},{"ancestorTitles":[],"fullName":"merges adjoining working intervals but rejects overlaps and invalid dates","status":"passed","title":"merges adjoining working intervals but rejects overlaps and invalid dates","duration":141.97050000000002,"failureMessages":[],"meta":{},"tags":[]},{"ancestorTitles":[],"fullName":"adds a vacation period without creating fake bookings and restores the weekly plan","status":"passed","title":"adds a vacation period without creating fake bookings and restores the weekly plan","duration":167.44190000000003,"failureMessages":[],"meta":{},"tags":[]},{"ancestorTitles":[],"fullName":"uses a changed-hours exception instead of the regular day and still respects a location closure","status":"passed","title":"uses a changed-hours exception instead of the regular day and still respects a location closure","duration":138.0797,"failureMessages":[],"meta":{},"tags":[]},{"ancestorTitles":[],"fullName":"limits staff to their own scope and checks fresh permissions on every write","status":"passed","title":"limits staff to their own scope and checks fresh permissions on every write","duration":128.15690000000006,"failureMessages":[],"meta":{},"tags":[]},{"ancestorTitles":[],"fullName":"rejects foreign scopes and leaves unscoped schedule revisions invisible under RLS","status":"passed","title":"rejects foreign scopes and leaves unscoped schedule revisions invisible under RLS","duration":99.08870000000002,"failureMessages":[],"meta":{},"tags":[]},{"ancestorTitles":[],"fullName":"rolls back a closure, its revision and audit when a confirmed booking would be affected","status":"passed","title":"rolls back a closure, its revision and audit when a confirmed booking would be affected","duration":151.7014999999999,"failureMessages":[],"meta":{},"tags":[]},{"ancestorTitles":[],"fullName":"detects buffer-only conflicts and rejects restoring a closed weekly day beneath an existing exception booking","status":"passed","title":"detects buffer-only conflicts and rejects restoring a closed weekly day beneath an existing exception booking","duration":200.01330000000007,"failureMessages":[],"meta":{},"tags":[]},{"ancestorTitles":[],"fullName":"allows only one writer of the same schedule version","status":"passed","title":"allows only one writer of the same schedule version","duration":118.68100000000004,"failureMessages":[],"meta":{},"tags":[]},{"ancestorTitles":[],"fullName":"serializes simultaneous closing and booking without creating a booking outside working hours","status":"passed","title":"serializes simultaneous closing and booking without creating a booking outside working hours","duration":130.24919999999997,"failureMessages":[],"meta":{},"tags":[]},{"ancestorTitles":[],"fullName":"refreshes catalogue rules and stores the confirmed cancellation deadline without changing existing bookings","status":"passed","title":"refreshes catalogue rules and stores the confirmed cancellation deadline without changing existing bookings","duration":211.6663000000001,"failureMessages":[],"meta":{},"tags":[]},{"ancestorTitles":[],"fullName":"validates timezone changes and refuses ones that move a booking outside local working hours","status":"passed","title":"validates timezone changes and refuses ones that move a booking outside local working hours","duration":161.43110000000001,"failureMessages":[],"meta":{},"tags":[]},{"ancestorTitles":[],"fullName":"AT-07/08 rechecks the two-hour lead time after the user spends time in the form","status":"passed","title":"AT-07/08 rechecks the two-hour lead time after the user spends time in the form","duration":124.65459999999985,"failureMessages":[],"meta":{},"tags":[]}],"startTime":1788975276510,"endTime":1788975278485.6545,"status":"passed","message":"","name":"C:/Users/rauds/Desktop/Projektid/Broneerimise SaaS/broneering.info/tests/schedule-management.test.ts"},{"assertionResults":[{"ancestorTitles":["Search visibility"],"fullName":"Search visibility indexes the public site with one canonical www/non-www URL","status":"passed","title":"indexes the public site with one canonical www/non-www URL","duration":1.5398999999999887,"failureMessages":[],"meta":{},"tags":[]},{"ancestorTitles":["Search visibility"],"fullName":"Search visibility excludes administration, demos, local previews and foreign hosts","status":"passed","title":"excludes administration, demos, local previews and foreign hosts","duration":0.39230000000000587,"failureMessages":[],"meta":{},"tags":[]},{"ancestorTitles":["Search visibility"],"fullName":"Search visibility indexes an active real company only after verified domain lookup","status":"passed","title":"indexes an active real company only after verified domain lookup","duration":1.2273000000000138,"failureMessages":[],"meta":{},"tags":[]},{"ancestorTitles":["Search visibility"],"fullName":"Search visibility keeps unregistered, inactive and demo company pages out of search","status":"passed","title":"keeps unregistered, inactive and demo company pages out of search","duration":0.32380000000000564,"failureMessages":[],"meta":{},"tags":[]}],"startTime":1788975300184,"endTime":1788975300187.3237,"status":"passed","message":"","name":"C:/Users/rauds/Desktop/Projektid/Broneerimise SaaS/broneering.info/tests/search.test.ts"},{"assertionResults":[{"ancestorTitles":[],"fullName":"permanently cancels linked invitations when staff is archived and preserves fresh/unlinked invitations","status":"passed","title":"permanently cancels linked invitations when staff is archived and preserves fresh/unlinked invitations","duration":210.1492,"failureMessages":[],"meta":{},"tags":[]},{"ancestorTitles":[],"fullName":"rejects legacy archived-staff invitations, memberships and role assignments for either linked role","status":"passed","title":"rejects legacy archived-staff invitations, memberships and role assignments for either linked role","duration":141.35110000000003,"failureMessages":[],"meta":{},"tags":[]},{"ancestorTitles":[],"fullName":"serializes invitation acceptance against staff archive so no active linked member survives","status":"passed","title":"serializes invitation acceptance against staff archive so no active linked member survives","duration":114.98669999999993,"failureMessages":[],"meta":{},"tags":[]},{"ancestorTitles":[],"fullName":"migrates legacy access once so restoring staff never revives old invitations or memberships","status":"passed","title":"migrates legacy access once so restoring staff never revives old invitations or memberships","duration":109.0394,"failureMessages":[],"meta":{},"tags":[]},{"ancestorTitles":[],"fullName":"publishes only approved current translations and invalidates them only on source text changes","status":"passed","title":"publishes only approved current translations and invalidates them only on source text changes","duration":215.88510000000008,"failureMessages":[],"meta":{},"tags":[]},{"ancestorTitles":[],"fullName":"rejects cross-tenant access, non-owner translation changes and stale draft overwrites","status":"passed","title":"rejects cross-tenant access, non-owner translation changes and stale draft overwrites","duration":117.50999999999999,"failureMessages":[],"meta":{},"tags":[]},{"ancestorTitles":[],"fullName":"generates drafts and rejects results if the source or a target was edited during generation","status":"passed","title":"generates drafts and rejects results if the source or a target was edited during generation","duration":161.80719999999997,"failureMessages":[],"meta":{},"tags":[]},{"ancestorTitles":[],"fullName":"snapshots the approved name in the customer language without changing old bookings","status":"passed","title":"snapshots the approved name in the customer language without changing old bookings","duration":160.84320000000002,"failureMessages":[],"meta":{},"tags":[]},{"ancestorTitles":[],"fullName":"inherits defaults independently and preserves explicit employee overrides","status":"passed","title":"inherits defaults independently and preserves explicit employee overrides","duration":164.55129999999986,"failureMessages":[],"meta":{},"tags":[]},{"ancestorTitles":[],"fullName":"allows delegated pricing but rejects structural changes, forged roles and revoked access","status":"passed","title":"allows delegated pricing but rejects structural changes, forged roles and revoked access","duration":128.35260000000017,"failureMessages":[],"meta":{},"tags":[]},{"ancestorTitles":[],"fullName":"keeps tenant boundaries on reads, groups, staff assignments and raw RLS queries","status":"passed","title":"keeps tenant boundaries on reads, groups, staff assignments and raw RLS queries","duration":112.98990000000003,"failureMessages":[],"meta":{},"tags":[]},{"ancestorTitles":[],"fullName":"rejects invalid values and unknown fields before changing the catalogue","status":"passed","title":"rejects invalid values and unknown fields before changing the catalogue","duration":135.45410000000015,"failureMessages":[],"meta":{},"tags":[]},{"ancestorTitles":[],"fullName":"accepts only one concurrent update of the same version and audits the successful write","status":"passed","title":"accepts only one concurrent update of the same version and audits the successful write","duration":102.35969999999998,"failureMessages":[],"meta":{},"tags":[]},{"ancestorTitles":[],"fullName":"retains historical price, names, duration and inherited buffers after editing and archiving","status":"passed","title":"retains historical price, names, duration and inherited buffers after editing and archiving","duration":157.16899999999987,"failureMessages":[],"meta":{},"tags":[]},{"ancestorTitles":[],"fullName":"rejects a stale public price and excludes archived associations at confirmation","status":"passed","title":"rejects a stale public price and excludes archived associations at confirmation","duration":130.3467999999998,"failureMessages":[],"meta":{},"tags":[]},{"ancestorTitles":[],"fullName":"hides archived groups and online-hidden services without deleting their records","status":"passed","title":"hides archived groups and online-hidden services without deleting their records","duration":169.95150000000012,"failureMessages":[],"meta":{},"tags":[]},{"ancestorTitles":[],"fullName":"publishes only the selected public staff profile fields","status":"passed","title":"publishes only the selected public staff profile fields","duration":87.61700000000019,"failureMessages":[],"meta":{},"tags":[]},{"ancestorTitles":[],"fullName":"serializes a concurrent price change and booking confirmation without mixed snapshots","status":"passed","title":"serializes a concurrent price change and booking confirmation without mixed snapshots","duration":117.32439999999997,"failureMessages":[],"meta":{},"tags":[]},{"ancestorTitles":[],"fullName":"supports nested groups, repeated names under different parents and inherited archiving","status":"passed","title":"supports nested groups, repeated names under different parents and inherited archiving","duration":143.37429999999995,"failureMessages":[],"meta":{},"tags":[]},{"ancestorTitles":[],"fullName":"rejects group cycles and foreign parents without disturbing existing branches","status":"passed","title":"rejects group cycles and foreign parents without disturbing existing branches","duration":116.62039999999979,"failureMessages":[],"meta":{},"tags":[]}],"startTime":1788975273413,"endTime":1788975276210.6204,"status":"passed","message":"","name":"C:/Users/rauds/Desktop/Projektid/Broneerimise SaaS/broneering.info/tests/service-management.test.ts"},{"assertionResults":[{"ancestorTitles":[],"fullName":"creates one pending monthly subscription on simultaneous replay and exposes only authorized reads","status":"passed","title":"creates one pending monthly subscription on simultaneous replay and exposes only authorized reads","duration":97.50710000000004,"failureMessages":[],"meta":{},"tags":[]},{"ancestorTitles":[],"fullName":"rejects unauthorized creation, invalid dates, past periods and trials in the database","status":"passed","title":"rejects unauthorized creation, invalid dates, past periods and trials in the database","duration":12.69580000000002,"failureMessages":[],"meta":{},"tags":[]}],"startTime":1788975295231,"endTime":1788975295340.6958,"status":"passed","message":"","name":"C:/Users/rauds/Desktop/Projektid/Broneerimise SaaS/broneering.info/tests/subscriptions.test.ts"},{"assertionResults":[{"ancestorTitles":["support HTTP boundary"],"fullName":"support HTTP boundary requires the exact administration host before identity lookup","status":"passed","title":"requires the exact administration host before identity lookup","duration":3.552099999999996,"failureMessages":[],"meta":{},"tags":[]},{"ancestorTitles":["support HTTP boundary"],"fullName":"support HTTP boundary requires a session","status":"passed","title":"requires a session","duration":1.7264999999999873,"failureMessages":[],"meta":{},"tags":[]},{"ancestorTitles":["support HTTP boundary"],"fullName":"support HTTP boundary rejects search text in URLs and malformed search headers","status":"passed","title":"rejects search text in URLs and malformed search headers","duration":0.7142999999999802,"failureMessages":[],"meta":{},"tags":[]},{"ancestorTitles":["support HTTP boundary"],"fullName":"support HTTP boundary rejects every write method","status":"passed","title":"rejects every write method","duration":0.2866000000000213,"failureMessages":[],"meta":{},"tags":[]},{"ancestorTitles":["support HTTP boundary"],"fullName":"support HTTP boundary rejects every write method","status":"passed","title":"rejects every write method","duration":0.23279999999999745,"failureMessages":[],"meta":{},"tags":[]},{"ancestorTitles":["support HTTP boundary"],"fullName":"support HTTP boundary rejects every write method","status":"passed","title":"rejects every write method","duration":0.19029999999997926,"failureMessages":[],"meta":{},"tags":[]},{"ancestorTitles":["support HTTP boundary"],"fullName":"support HTTP boundary rejects every write method","status":"passed","title":"rejects every write method","duration":0.1524000000000001,"failureMessages":[],"meta":{},"tags":[]},{"ancestorTitles":["support HTTP boundary"],"fullName":"support HTTP boundary rejects unsupported input {\"grantId\":\"bad\"}","status":"passed","title":"rejects unsupported input {\"grantId\":\"bad\"}","duration":2.0300000000000296,"failureMessages":[],"meta":{},"tags":[]},{"ancestorTitles":["support HTTP boundary"],"fullName":"support HTTP boundary rejects unsupported input {\"view\":\"billing\"}","status":"passed","title":"rejects unsupported input {\"view\":\"billing\"}","duration":0.47109999999997854,"failureMessages":[],"meta":{},"tags":[]},{"ancestorTitles":["support HTTP boundary"],"fullName":"support HTTP boundary rejects unsupported input {\"view\":\"customers\",\"format\":\"csv\"}","status":"passed","title":"rejects unsupported input {\"view\":\"customers\",\"format\":\"csv\"}","duration":0.33670000000000755,"failureMessages":[],"meta":{},"tags":[]},{"ancestorTitles":["support HTTP boundary"],"fullName":"support HTTP boundary rejects unsupported input {\"page\":\"-1\"}","status":"passed","title":"rejects unsupported input {\"page\":\"-1\"}","duration":0.4141999999999939,"failureMessages":[],"meta":{},"tags":[]},{"ancestorTitles":["support HTTP boundary"],"fullName":"support HTTP boundary rejects unsupported input {\"day\":\"2026-02-30\"}","status":"passed","title":"rejects unsupported input {\"day\":\"2026-02-30\"}","duration":0.26600000000001955,"failureMessages":[],"meta":{},"tags":[]},{"ancestorTitles":["support HTTP boundary"],"fullName":"support HTTP boundary rejects unsupported input {\"scope\":\"write\"}","status":"passed","title":"rejects unsupported input {\"scope\":\"write\"}","duration":0.2839999999999918,"failureMessages":[],"meta":{},"tags":[]},{"ancestorTitles":["support real API/database boundaries"],"fullName":"support real API/database boundaries opens real calendar and contacts without membership and audits only metadata","status":"passed","title":"opens real calendar and contacts without membership and audits only metadata","duration":44.60849999999999,"failureMessages":[],"meta":{},"tags":[]},{"ancestorTitles":["support real API/database boundaries"],"fullName":"support real API/database boundaries binds the grant to its company and issuing platform user","status":"passed","title":"binds the grant to its company and issuing platform user","duration":14.060099999999977,"failureMessages":[],"meta":{},"tags":[]},{"ancestorTitles":["support real API/database boundaries"],"fullName":"support real API/database boundaries rechecks fresh account flag disabled despite a stale identity","status":"passed","title":"rechecks fresh account flag disabled despite a stale identity","duration":6.194199999999967,"failureMessages":[],"meta":{},"tags":[]},{"ancestorTitles":["support real API/database boundaries"],"fullName":"support real API/database boundaries rechecks fresh account flag email_verified despite a stale identity","status":"passed","title":"rechecks fresh account flag email_verified despite a stale identity","duration":6.901999999999987,"failureMessages":[],"meta":{},"tags":[]},{"ancestorTitles":["support real API/database boundaries"],"fullName":"support real API/database boundaries rechecks fresh account flag two_factor_enabled despite a stale identity","status":"passed","title":"rechecks fresh account flag two_factor_enabled despite a stale identity","duration":8.214300000000037,"failureMessages":[],"meta":{},"tags":[]},{"ancestorTitles":["support real API/database boundaries"],"fullName":"support real API/database boundaries rechecks fresh account flag is_platform_admin despite a stale identity","status":"passed","title":"rechecks fresh account flag is_platform_admin despite a stale identity","duration":6.082400000000007,"failureMessages":[],"meta":{},"tags":[]},{"ancestorTitles":["support real API/database boundaries"],"fullName":"support real API/database boundaries blocks ended company data access","status":"passed","title":"blocks ended company data access","duration":7.918799999999976,"failureMessages":[],"meta":{},"tags":[]},{"ancestorTitles":["support real API/database boundaries"],"fullName":"support real API/database boundaries does not turn a support grant into any member permission or write access","status":"passed","title":"does not turn a support grant into any member permission or write access","duration":66.75160000000005,"failureMessages":[],"meta":{},"tags":[]},{"ancestorTitles":["support real API/database boundaries"],"fullName":"support real API/database boundaries bounds and paginates contacts with tenant isolation","status":"passed","title":"bounds and paginates contacts with tenant isolation","duration":20.532699999999977,"failureMessages":[],"meta":{},"tags":[]},{"ancestorTitles":["support real API/database boundaries"],"fullName":"support real API/database boundaries revokes the grant for all subsequent reads, including stale tabs","status":"passed","title":"revokes the grant for all subsequent reads, including stale tabs","duration":16.665199999999913,"failureMessages":[],"meta":{},"tags":[]},{"ancestorTitles":["support real API/database boundaries"],"fullName":"support real API/database boundaries rejects an expired grant","status":"passed","title":"rejects an expired grant","duration":13.385099999999966,"failureMessages":[],"meta":{},"tags":[]},{"ancestorTitles":["support real API/database boundaries"],"fullName":"support real API/database boundaries discards data when a grant expires while the read waits for a database lock","status":"passed","title":"discards data when a grant expires while the read waits for a database lock","duration":2076.7183999999997,"failureMessages":[],"meta":{},"tags":[]}],"startTime":1788975282236,"endTime":1788975284596.7185,"status":"passed","message":"","name":"C:/Users/rauds/Desktop/Projektid/Broneerimise SaaS/broneering.info/tests/support-view.test.ts"},{"assertionResults":[{"ancestorTitles":[],"fullName":"does not call a provider until credentials and model are configured","status":"passed","title":"does not call a provider until credentials and model are configured","duration":2.588300000000004,"failureMessages":[],"meta":{},"tags":[]},{"ancestorTitles":[],"fullName":"sends only source text and validates a complete structured response","status":"passed","title":"sends only source text and validates a complete structured response","duration":15.766800000000018,"failureMessages":[],"meta":{},"tags":[]},{"ancestorTitles":[],"fullName":"rejects incomplete, refused or invalid output without exposing provider content","status":"passed","title":"rejects incomplete, refused or invalid output without exposing provider content","duration":0.484800000000007,"failureMessages":[],"meta":{},"tags":[]},{"ancestorTitles":[],"fullName":"rejects incomplete, refused or invalid output without exposing provider content","status":"passed","title":"rejects incomplete, refused or invalid output without exposing provider content","duration":0.45249999999998636,"failureMessages":[],"meta":{},"tags":[]},{"ancestorTitles":[],"fullName":"rejects incomplete, refused or invalid output without exposing provider content","status":"passed","title":"rejects incomplete, refused or invalid output without exposing provider content","duration":0.7801999999999794,"failureMessages":[],"meta":{},"tags":[]},{"ancestorTitles":[],"fullName":"rejects incomplete, refused or invalid output without exposing provider content","status":"passed","title":"rejects incomplete, refused or invalid output without exposing provider content","duration":0.913899999999984,"failureMessages":[],"meta":{},"tags":[]}],"startTime":1788975298807,"endTime":1788975298827.9138,"status":"passed","message":"","name":"C:/Users/rauds/Desktop/Projektid/Broneerimise SaaS/broneering.info/tests/translation-provider.test.ts"},{"assertionResults":[{"ancestorTitles":[],"fullName":"the shipped widget rejects forged windows, origins, channels and payloads","status":"passed","title":"the shipped widget rejects forged windows, origins, channels and payloads","duration":3.793700000000001,"failureMessages":[],"meta":{},"tags":[]}],"startTime":1788975300332,"endTime":1788975300335.7937,"status":"passed","message":"","name":"C:/Users/rauds/Desktop/Projektid/Broneerimise SaaS/broneering.info/tests/widget.test.ts"},{"assertionResults":[{"ancestorTitles":["worker heartbeat"],"fullName":"worker heartbeat fails missing, old, failed, corrupt and future state; accepts recent success","status":"passed","title":"fails missing, old, failed, corrupt and future state; accepts recent success","duration":10.608399999999989,"failureMessages":[],"meta":{},"tags":[]}],"startTime":1788975299806,"endTime":1788975299816.6084,"status":"passed","message":"","name":"C:/Users/rauds/Desktop/Projektid/Broneerimise SaaS/broneering.info/tests/worker-health.test.ts"}]}