{"numTotalTestSuites":55,"numPassedTestSuites":55,"numFailedTestSuites":0,"numPendingTestSuites":0,"numTotalTests":261,"numPassedTests":261,"numFailedTests":0,"numPendingTests":0,"numTodoTests":0,"snapshot":{"added":0,"failure":false,"filesAdded":0,"filesRemoved":0,"filesRemovedList":[],"filesUnmatched":0,"filesUpdated":0,"matched":0,"total":0,"unchecked":0,"uncheckedKeysByFile":[],"unmatched":0,"updated":0,"didUpdate":false},"startTime":1788897952228,"success":true,"testResults":[{"assertionResults":[{"ancestorTitles":["access permission matrix"],"fullName":"access permission matrix gives owners the complete matrix","status":"passed","title":"gives owners the complete matrix","duration":1.5250999999999806,"failureMessages":[],"meta":{},"tags":[]},{"ancestorTitles":["access permission matrix"],"fullName":"access permission matrix keeps receptionist elevated access explicit","status":"passed","title":"keeps receptionist elevated access explicit","duration":0.9338000000000193,"failureMessages":[],"meta":{},"tags":[]},{"ancestorTitles":["access permission matrix"],"fullName":"access permission matrix keeps staff permissions scoped to explicit schedule access","status":"passed","title":"keeps staff permissions scoped to explicit schedule access","duration":0.4363999999999919,"failureMessages":[],"meta":{},"tags":[]},{"ancestorTitles":["access database invariants"],"fullName":"access database invariants enforces own staff scope and rejects another staff profile","status":"passed","title":"enforces own staff scope and rejects another staff profile","duration":27.2449,"failureMessages":[],"meta":{},"tags":[]},{"ancestorTitles":["access database invariants"],"fullName":"access database invariants consumes invitations once and preserves the last owner","status":"passed","title":"consumes invitations once and preserves the last owner","duration":32.0917,"failureMessages":[],"meta":{},"tags":[]},{"ancestorTitles":["access database invariants"],"fullName":"access database invariants rejects a foreign tenant, a disabled account, and an elevated staff permission","status":"passed","title":"rejects a foreign tenant, a disabled account, and an elevated staff permission","duration":17.88330000000002,"failureMessages":[],"meta":{},"tags":[]},{"ancestorTitles":["access database invariants"],"fullName":"access database invariants isolates raw access rows without context and makes audit append-only","status":"passed","title":"isolates raw access rows without context and makes audit append-only","duration":3.760500000000036,"failureMessages":[],"meta":{},"tags":[]},{"ancestorTitles":["access database invariants"],"fullName":"access database invariants rejects expired/cancelled invitations and permits replacing an expired one","status":"passed","title":"rejects expired/cancelled invitations and permits replacing an expired one","duration":44.5797,"failureMessages":[],"meta":{},"tags":[]},{"ancestorTitles":["access database invariants"],"fullName":"access database invariants binds support to a platform actor and enforces expiry and revocation","status":"passed","title":"binds support to a platform actor and enforces expiry and revocation","duration":37.41969999999998,"failureMessages":[],"meta":{},"tags":[]},{"ancestorTitles":["access database invariants"],"fullName":"access database invariants revokes membership and all sessions immediately","status":"passed","title":"revokes membership and all sessions immediately","duration":13.357400000000041,"failureMessages":[],"meta":{},"tags":[]},{"ancestorTitles":["access database invariants"],"fullName":"access database invariants serializes concurrent owner transfers and never leaves the tenant ownerless","status":"passed","title":"serializes concurrent owner transfers and never leaves the tenant ownerless","duration":21.425299999999993,"failureMessages":[],"meta":{},"tags":[]}],"startTime":1788897998158,"endTime":1788897998389.4253,"status":"passed","message":"","name":"C:/Users/rauds/Desktop/Projektid/Broneerimise SaaS/broneering.info/tests/access.test.ts"},{"assertionResults":[{"ancestorTitles":["Administration API boundaries"],"fullName":"Administration API boundaries does not expose a session on another tenant host","status":"passed","title":"does not expose a session on another tenant host","duration":15.725099999999998,"failureMessages":[],"meta":{},"tags":[]},{"ancestorTitles":["Administration API boundaries"],"fullName":"Administration API boundaries rejects writes from another origin before resolving identity","status":"passed","title":"rejects writes from another origin before resolving identity","duration":2.2754000000000474,"failureMessages":[],"meta":{},"tags":[]},{"ancestorTitles":["Administration API boundaries"],"fullName":"Administration API boundaries returns an uncached anonymous state","status":"passed","title":"returns an uncached anonymous state","duration":1.511000000000024,"failureMessages":[],"meta":{},"tags":[]},{"ancestorTitles":["Administration API boundaries"],"fullName":"Administration API boundaries does not fetch owner data until MFA is enrolled","status":"passed","title":"does not fetch owner data until MFA is enrolled","duration":0.6841000000000008,"failureMessages":[],"meta":{},"tags":[]},{"ancestorTitles":["Administration API boundaries"],"fullName":"Administration API boundaries rejects selecting a company without membership","status":"passed","title":"rejects selecting a company without membership","duration":1.2423000000000002,"failureMessages":[],"meta":{},"tags":[]},{"ancestorTitles":["Administration API boundaries"],"fullName":"Administration API boundaries keeps the account context visible after company data access expires without loading company data","status":"passed","title":"keeps the account context visible after company data access expires without loading company data","duration":0.717200000000048,"failureMessages":[],"meta":{},"tags":[]},{"ancestorTitles":["Administration API boundaries"],"fullName":"Administration API boundaries requires identity and strict payloads for member changes","status":"passed","title":"requires identity and strict payloads for member changes","duration":2.4980999999999653,"failureMessages":[],"meta":{},"tags":[]},{"ancestorTitles":["Administration API boundaries"],"fullName":"Administration API boundaries keeps the identity available for MFA setup without fetching privileged schedules","status":"passed","title":"keeps the identity available for MFA setup without fetching privileged schedules","duration":0.5015000000000214,"failureMessages":[],"meta":{},"tags":[]},{"ancestorTitles":["Administration API boundaries"],"fullName":"Administration API boundaries returns a bounded schedule conflict envelope without customer contacts","status":"passed","title":"returns a bounded schedule conflict envelope without customer contacts","duration":16.513800000000003,"failureMessages":[],"meta":{},"tags":[]}],"startTime":1788898001397,"endTime":1788898001438.514,"status":"passed","message":"","name":"C:/Users/rauds/Desktop/Projektid/Broneerimise SaaS/broneering.info/tests/admin-http.test.ts"},{"assertionResults":[{"ancestorTitles":[],"fullName":"keeps the real browser graph free of server libraries and reverse UI dependencies","status":"passed","title":"keeps the real browser graph free of server libraries and reverse UI dependencies","duration":390.1299,"failureMessages":[],"meta":{},"tags":[]},{"ancestorTitles":[],"fullName":"follows runtime re-exports and lazy imports while allowing erased type imports","status":"passed","title":"follows runtime re-exports and lazy imports while allowing erased type imports","duration":1.1540999999999713,"failureMessages":[],"meta":{},"tags":[]},{"ancestorTitles":[],"fullName":"rejects indirect browser imports and server modules depending on UI","status":"passed","title":"rejects indirect browser imports and server modules depending on UI","duration":6.970000000000027,"failureMessages":[],"meta":{},"tags":[]}],"startTime":1788897995798,"endTime":1788897996196.97,"status":"passed","message":"","name":"C:/Users/rauds/Desktop/Projektid/Broneerimise SaaS/broneering.info/tests/architecture.test.ts"},{"assertionResults":[{"ancestorTitles":["Invited account lifecycle through real handlers"],"fullName":"Invited account lifecycle through real handlers verifies email, enrolls MFA, consumes backup codes and revokes sessions on password reset","status":"passed","title":"verifies email, enrolls MFA, consumes backup codes and revokes sessions on password reset","duration":11070.301899999999,"failureMessages":[],"meta":{},"tags":[]}],"startTime":1788897953273,"endTime":1788897964343.302,"status":"passed","message":"","name":"C:/Users/rauds/Desktop/Projektid/Broneerimise SaaS/broneering.info/tests/auth-flow.test.ts"},{"assertionResults":[{"ancestorTitles":["authentication route boundary"],"fullName":"authentication route boundary rejects a request whose Host is not the exact configured admin host","status":"passed","title":"rejects a request whose Host is not the exact configured admin host","duration":2.9692000000000007,"failureMessages":[],"meta":{},"tags":[]},{"ancestorTitles":["authentication route boundary"],"fullName":"authentication route boundary uses only the configured origin for CSRF","status":"passed","title":"uses only the configured origin for CSRF","duration":1.7454000000000178,"failureMessages":[],"meta":{},"tags":[]},{"ancestorTitles":["authoritative session identity"],"fullName":"authoritative session identity reads the live session and stops accepting it after disabling the user","status":"passed","title":"reads the live session and stops accepting it after disabling the user","duration":64.27280000000007,"failureMessages":[],"meta":{},"tags":[]},{"ancestorTitles":["authoritative session identity"],"fullName":"authoritative session identity does not treat an old session as MFA-authenticated after enrollment","status":"passed","title":"does not treat an old session as MFA-authenticated after enrollment","duration":9.47359999999992,"failureMessages":[],"meta":{},"tags":[]}],"startTime":1788898000402,"endTime":1788898000480.4736,"status":"passed","message":"","name":"C:/Users/rauds/Desktop/Projektid/Broneerimise SaaS/broneering.info/tests/auth.test.ts"},{"assertionResults":[{"ancestorTitles":["monthly subscription rules"],"fullName":"monthly subscription rules keeps the agreed final price, unlimited staff and no trial","status":"passed","title":"keeps the agreed final price, unlimited staff and no trial","duration":1.4036999999999864,"failureMessages":[],"meta":{},"tags":[]},{"ancestorTitles":["monthly subscription rules"],"fullName":"monthly subscription rules restores the original day after short months and leap years","status":"passed","title":"restores the original day after short months and leap years","duration":15.643900000000002,"failureMessages":[],"meta":{},"tags":[]},{"ancestorTitles":["monthly subscription rules"],"fullName":"monthly subscription rules rejects invalid dates and a period inconsistent with its stored anchor","status":"passed","title":"rejects invalid dates and a period inconsistent with its stored anchor","duration":1.3617000000000132,"failureMessages":[],"meta":{},"tags":[]},{"ancestorTitles":["monthly subscription rules"],"fullName":"monthly subscription rules splits gross cents without increasing the final price or losing rounding cents","status":"passed","title":"splits gross cents without increasing the final price or losing rounding cents","duration":15.916899999999998,"failureMessages":[],"meta":{},"tags":[]},{"ancestorTitles":["monthly subscription rules"],"fullName":"monthly subscription rules starts restrictions only after the due day and explicitly agreed grace days","status":"passed","title":"starts restrictions only after the due day and explicitly agreed grace days","duration":0.5036000000000058,"failureMessages":[],"meta":{},"tags":[]},{"ancestorTitles":["monthly subscription rules"],"fullName":"monthly subscription rules allows seven days from issue, with no grace after the payment deadline","status":"passed","title":"allows seven days from issue, with no grace after the payment deadline","duration":0.34380000000001587,"failureMessages":[],"meta":{},"tags":[]}],"startTime":1788898002525,"endTime":1788898002560.5037,"status":"passed","message":"","name":"C:/Users/rauds/Desktop/Projektid/Broneerimise SaaS/broneering.info/tests/billing-rules.test.ts"},{"assertionResults":[{"ancestorTitles":[],"fullName":"GET reads a bearer-scoped booking without invoking any mutation and marks every response private","status":"passed","title":"GET reads a bearer-scoped booking without invoking any mutation and marks every response private","duration":22.62529999999998,"failureMessages":[],"meta":{},"tags":[]},{"ancestorTitles":[],"fullName":"returns a clear 410 contact instruction for expired links and never uses a token from the URL","status":"passed","title":"returns a clear 410 contact instruction for expired links and never uses a token from the URL","duration":2.9318999999999846,"failureMessages":[],"meta":{},"tags":[]},{"ancestorTitles":[],"fullName":"requires a same-origin explicit write and passes its idempotency key unchanged","status":"passed","title":"requires a same-origin explicit write and passes its idempotency key unchanged","duration":1.9031999999999698,"failureMessages":[],"meta":{},"tags":[]},{"ancestorTitles":[],"fullName":"rejects invalid content types and oversized writes before calling the engine","status":"passed","title":"rejects invalid content types and oversized writes before calling the engine","duration":0.9735000000000014,"failureMessages":[],"meta":{},"tags":[]},{"ancestorTitles":[],"fullName":"keeps admin routes on the exact admin host and origin, before identity lookup","status":"passed","title":"keeps admin routes on the exact admin host and origin, before identity lookup","duration":1.3392999999999802,"failureMessages":[],"meta":{},"tags":[]},{"ancestorTitles":[],"fullName":"requires a session and validates strict read filters and pagination","status":"passed","title":"requires a session and validates strict read filters and pagination","duration":2.7918000000000234,"failureMessages":[],"meta":{},"tags":[]}],"startTime":1788898002117,"endTime":1788898002148.7917,"status":"passed","message":"","name":"C:/Users/rauds/Desktop/Projektid/Broneerimise SaaS/broneering.info/tests/booking-management-http.test.ts"},{"assertionResults":[{"ancestorTitles":[],"fullName":"separates saved language preferences and rejects cross-tenant and non-owner company changes","status":"passed","title":"separates saved language preferences and rejects cross-tenant and non-owner company changes","duration":174.29160000000002,"failureMessages":[],"meta":{},"tags":[]},{"ancestorTitles":[],"fullName":"retains the booking language in notices after administrator changes and supports legacy retries","status":"passed","title":"retains the booking language in notices after administrator changes and supports legacy retries","duration":236.39,"failureMessages":[],"meta":{},"tags":[]},{"ancestorTitles":[],"fullName":"15: manual and public creation compete for the same allocation","status":"passed","title":"15: manual and public creation compete for the same allocation","duration":161.77020000000005,"failureMessages":[],"meta":{},"tags":[]},{"ancestorTitles":[],"fullName":"15: two bookings racing for one new slot move only one and preserve the losing allocation","status":"passed","title":"15: two bookings racing for one new slot move only one and preserve the losing allocation","duration":246.58280000000013,"failureMessages":[],"meta":{},"tags":[]},{"ancestorTitles":[],"fullName":"15: rejects a management link that expires while its command waits for the tenant lock","status":"passed","title":"15: rejects a management link that expires while its command waits for the tenant lock","duration":2303.4759,"failureMessages":[],"meta":{},"tags":[]},{"ancestorTitles":[],"fullName":"requires an owner-selected link policy and preserves contacts for issued links","status":"passed","title":"requires an owner-selected link policy and preserves contacts for issued links","duration":173.5903999999996,"failureMessages":[],"meta":{},"tags":[]},{"ancestorTitles":[],"fullName":"stores only a token hash and encrypted replay data; GET has no side effects and creation replays exactly","status":"passed","title":"stores only a token hash and encrypted replay data; GET has no side effects and creation replays exactly","duration":160.4991,"failureMessages":[],"meta":{},"tags":[]},{"ancestorTitles":[],"fullName":"rejects forged, foreign, expired and revoked links; reissuing grants only the new secret","status":"passed","title":"rejects forged, foreign, expired and revoked links; reissuing grants only the new secret","duration":206.55349999999953,"failureMessages":[],"meta":{},"tags":[]},{"ancestorTitles":[],"fullName":"atomically moves a booking into a slot overlapping its own old occupancy and keeps original cancellation terms","status":"passed","title":"atomically moves a booking into a slot overlapping its own old occupancy and keeps original cancellation terms","duration":189.11669999999958,"failureMessages":[],"meta":{},"tags":[]},{"ancestorTitles":[],"fullName":"leaves the old booking and notices intact when the new price, rules or availability are stale","status":"passed","title":"leaves the old booking and notices intact when the new price, rules or availability are stale","duration":227.61020000000008,"failureMessages":[],"meta":{},"tags":[]},{"ancestorTitles":[],"fullName":"accepts exactly one of two administrators editing the same version","status":"passed","title":"accepts exactly one of two administrators editing the same version","duration":151.51800000000003,"failureMessages":[],"meta":{},"tags":[]},{"ancestorTitles":[],"fullName":"replays cancellation without duplicate effects and reports a changed creation snapshot","status":"passed","title":"replays cancellation without duplicate effects and reports a changed creation snapshot","duration":186.08209999999963,"failureMessages":[],"meta":{},"tags":[]},{"ancestorTitles":[],"fullName":"enforces the booked deadline despite changed tenant settings; only a reasoned administrator exception succeeds","status":"passed","title":"enforces the booked deadline despite changed tenant settings; only a reasoned administrator exception succeeds","duration":703.9934000000003,"failureMessages":[],"meta":{},"tags":[]},{"ancestorTitles":[],"fullName":"restricts staff reads and writes to their own bookings and rechecks revoked memberships","status":"passed","title":"restricts staff reads and writes to their own bookings and rechecks revoked memberships","duration":401.4471000000003,"failureMessages":[],"meta":{},"tags":[]},{"ancestorTitles":[],"fullName":"allows manual hidden-service bookings without invented email and replays lost replies","status":"passed","title":"allows manual hidden-service bookings without invented email and replays lost replies","duration":146.45209999999952,"failureMessages":[],"meta":{},"tags":[]},{"ancestorTitles":[],"fullName":"logs completion and no-show corrections, rejects early status and cannot restore a cancellation","status":"passed","title":"logs completion and no-show corrections, rejects early status and cannot restore a cancellation","duration":174.39189999999962,"failureMessages":[],"meta":{},"tags":[]},{"ancestorTitles":[],"fullName":"previews a conflicting closure then queues affected bookings without moving or cancelling them","status":"passed","title":"previews a conflicting closure then queues affected bookings without moving or cancelling them","duration":276.08579999999984,"failureMessages":[],"meta":{},"tags":[]},{"ancestorTitles":[],"fullName":"keeps post-service buffers occupied after attendance is completed or corrected to no-show","status":"passed","title":"keeps post-service buffers occupied after attendance is completed or corrected to no-show","duration":241.29779999999937,"failureMessages":[],"meta":{},"tags":[]},{"ancestorTitles":[],"fullName":"marks a replayed command as historical when another accepted command has since changed the booking","status":"passed","title":"marks a replayed command as historical when another accepted command has since changed the booking","duration":112.09689999999955,"failureMessages":[],"meta":{},"tags":[]},{"ancestorTitles":[],"fullName":"archives departing staff, revokes company access and sessions, keeps history and queues future bookings","status":"passed","title":"archives departing staff, revokes company access and sessions, keeps history and queues future bookings","duration":153.66870000000017,"failureMessages":[],"meta":{},"tags":[]},{"ancestorTitles":[],"fullName":"protects an owner-linked staff account from accidental archival","status":"passed","title":"protects an owner-linked staff account from accidental archival","duration":79.52220000000034,"failureMessages":[],"meta":{},"tags":[]},{"ancestorTitles":[],"fullName":"exports stable calendar identity, updated sequence, cancellation and valid UTF-8 folded text","status":"passed","title":"exports stable calendar identity, updated sequence, cancellation and valid UTF-8 folded text","duration":60.17290000000048,"failureMessages":[],"meta":{},"tags":[]},{"ancestorTitles":[],"fullName":"shows a scoped week and intersects location hours, employee hours and absences","status":"passed","title":"shows a scoped week and intersects location hours, employee hours and absences","duration":116.10939999999937,"failureMessages":[],"meta":{},"tags":[]},{"ancestorTitles":[],"fullName":"keeps local week boundaries through daylight saving and preserves archived bookings","status":"passed","title":"keeps local week boundaries through daylight saving and preserves archived bookings","duration":129.7506999999996,"failureMessages":[],"meta":{},"tags":[]},{"ancestorTitles":[],"fullName":"aggregates only the selected calendar scope with cancellation value excluded","status":"passed","title":"aggregates only the selected calendar scope with cancellation value excluded","duration":172.35590000000047,"failureMessages":[],"meta":{},"tags":[]},{"ancestorTitles":[],"fullName":"groups exact contact snapshots and isolates the customer register and export permissions","status":"passed","title":"groups exact contact snapshots and isolates the customer register and export permissions","duration":161.49009999999998,"failureMessages":[],"meta":{},"tags":[]},{"ancestorTitles":[],"fullName":"audits concurrent customer corrections without changing booking snapshots or notices","status":"passed","title":"audits concurrent customer corrections without changing booking snapshots or notices","duration":123.58390000000054,"failureMessages":[],"meta":{},"tags":[]},{"ancestorTitles":[],"fullName":"does not merge contactless customers and searches literal wildcard characters","status":"passed","title":"does not merge contactless customers and searches literal wildcard characters","duration":135.90790000000015,"failureMessages":[],"meta":{},"tags":[]},{"ancestorTitles":[],"fullName":"validates customer inputs and reports the actual notice queue state","status":"passed","title":"validates customer inputs and reports the actual notice queue state","duration":113.22980000000007,"failureMessages":[],"meta":{},"tags":[]}],"startTime":1788897964895,"endTime":1788897972615.2297,"status":"passed","message":"","name":"C:/Users/rauds/Desktop/Projektid/Broneerimise SaaS/broneering.info/tests/booking-management.test.ts"},{"assertionResults":[{"ancestorTitles":[],"fullName":"preserves uncertain commands across admission failures, malformed and unknown replies","status":"passed","title":"preserves uncertain commands across admission failures, malformed and unknown replies","duration":1.2967000000000013,"failureMessages":[],"meta":{},"tags":[]},{"ancestorTitles":[],"fullName":"permits choosing a fresh offer only after an explicit booking rejection","status":"passed","title":"permits choosing a fresh offer only after an explicit booking rejection","duration":0.1711999999999989,"failureMessages":[],"meta":{},"tags":[]}],"startTime":1788898004277,"endTime":1788898004279.1711,"status":"passed","message":"","name":"C:/Users/rauds/Desktop/Projektid/Broneerimise SaaS/broneering.info/tests/booking-mutation-outcome.test.ts"},{"assertionResults":[{"ancestorTitles":["PostgreSQL booking core"],"fullName":"PostgreSQL booking core 15: recovers from a real PostgreSQL deadlock by rerunning the losing transaction","status":"passed","title":"15: recovers from a real PostgreSQL deadlock by rerunning the losing transaction","duration":1227.0046,"failureMessages":[],"meta":{},"tags":[]},{"ancestorTitles":["PostgreSQL booking core"],"fullName":"PostgreSQL booking core 15: retries a complete aborted transaction without duplicate bookings, events or outbox","status":"passed","title":"15: retries a complete aborted transaction without duplicate bookings, events or outbox","duration":259.75530000000003,"failureMessages":[],"meta":{},"tags":[]},{"ancestorTitles":["PostgreSQL booking core"],"fullName":"PostgreSQL booking core 15: limits aborted transaction retries and does not retry business or timeout failures","status":"passed","title":"15: limits aborted transaction retries and does not retry business or timeout failures","duration":353.1655000000003,"failureMessages":[],"meta":{},"tags":[]},{"ancestorTitles":["PostgreSQL booking core"],"fullName":"PostgreSQL booking core 09/AT-05: any-worker offers are the exact union of concrete workers, including equal and different prices","status":"passed","title":"09/AT-05: any-worker offers are the exact union of concrete workers, including equal and different prices","duration":187.5335,"failureMessages":[],"meta":{},"tags":[]},{"ancestorTitles":["PostgreSQL booking core"],"fullName":"PostgreSQL booking core 09/AT-11: a taken concrete offer never falls back to an available colleague","status":"passed","title":"09/AT-11: a taken concrete offer never falls back to an available colleague","duration":176.6583999999998,"failureMessages":[],"meta":{},"tags":[]},{"ancestorTitles":["PostgreSQL booking core"],"fullName":"PostgreSQL booking core 09/AT-06: changed price or duration cannot select a cheaper or shorter colleague instead","status":"passed","title":"09/AT-06: changed price or duration cannot select a cheaper or shorter colleague instead","duration":145.95959999999968,"failureMessages":[],"meta":{},"tags":[]},{"ancestorTitles":["PostgreSQL booking core"],"fullName":"PostgreSQL booking core 09/AT-01: service eligibility remains distinct from a worker having no free hours","status":"passed","title":"09/AT-01: service eligibility remains distinct from a worker having no free hours","duration":138.5694999999996,"failureMessages":[],"meta":{},"tags":[]},{"ancestorTitles":["PostgreSQL booking core"],"fullName":"PostgreSQL booking core 08/D-09: personal catalog uses only linked staff services and their concrete price and duration","status":"passed","title":"08/D-09: personal catalog uses only linked staff services and their concrete price and duration","duration":140.81140000000005,"failureMessages":[],"meta":{},"tags":[]},{"ancestorTitles":["PostgreSQL booking core"],"fullName":"PostgreSQL booking core 08: next free day skips closed dates without creating or choosing a booking","status":"passed","title":"08: next free day skips closed dates without creating or choosing a booking","duration":167.77790000000005,"failureMessages":[],"meta":{},"tags":[]},{"ancestorTitles":["PostgreSQL booking core"],"fullName":"PostgreSQL booking core 08: next free day search is bounded, resumable, and respects the current booking window","status":"passed","title":"08: next free day search is bounded, resumable, and respects the current booking window","duration":373.5336000000002,"failureMessages":[],"meta":{},"tags":[]},{"ancestorTitles":["PostgreSQL booking core"],"fullName":"PostgreSQL booking core AT-11: 50 competing requests create exactly one booking and one outbox event","status":"passed","title":"AT-11: 50 competing requests create exactly one booking and one outbox event","duration":594.5529000000001,"failureMessages":[],"meta":{},"tags":[]},{"ancestorTitles":["PostgreSQL booking core"],"fullName":"PostgreSQL booking core AT-12/13: concurrent retries share one result; changed body conflicts","status":"passed","title":"AT-12/13: concurrent retries share one result; changed body conflicts","duration":173.70380000000023,"failureMessages":[],"meta":{},"tags":[]},{"ancestorTitles":["PostgreSQL booking core"],"fullName":"PostgreSQL booking core AT-19/21/22: tenant data and connection contexts stay separate","status":"passed","title":"AT-19/21/22: tenant data and connection contexts stay separate","duration":164.2574999999997,"failureMessages":[],"meta":{},"tags":[]},{"ancestorTitles":["PostgreSQL booking core"],"fullName":"PostgreSQL booking core AT-02/19: forged cross-tenant service or staff fails","status":"passed","title":"AT-02/19: forged cross-tenant service or staff fails","duration":134.5601999999999,"failureMessages":[],"meta":{},"tags":[]},{"ancestorTitles":["PostgreSQL booking core"],"fullName":"PostgreSQL booking core AT-09/10: buffers and lunch break are included in availability","status":"passed","title":"AT-09/10: buffers and lunch break are included in availability","duration":150.40160000000014,"failureMessages":[],"meta":{},"tags":[]},{"ancestorTitles":["PostgreSQL booking core"],"fullName":"PostgreSQL booking core AT-10: closed and replacement day schedules override weekly intervals","status":"passed","title":"AT-10: closed and replacement day schedules override weekly intervals","duration":122.88540000000012,"failureMessages":[],"meta":{},"tags":[]},{"ancestorTitles":["PostgreSQL booking core"],"fullName":"PostgreSQL booking core AT-07/08: server lead time applies at availability and confirmation","status":"passed","title":"AT-07/08: server lead time applies at availability and confirmation","duration":141.46349999999984,"failureMessages":[],"meta":{},"tags":[]},{"ancestorTitles":["PostgreSQL booking core"],"fullName":"PostgreSQL booking core price changes must be reviewed again","status":"passed","title":"price changes must be reviewed again","duration":132.02389999999923,"failureMessages":[],"meta":{},"tags":[]},{"ancestorTitles":["PostgreSQL booking core"],"fullName":"PostgreSQL booking core AT-27: exact hostname lookup fails closed for unknown and reserved names","status":"passed","title":"AT-27: exact hostname lookup fails closed for unknown and reserved names","duration":141.1215000000002,"failureMessages":[],"meta":{},"tags":[]},{"ancestorTitles":["PostgreSQL booking core"],"fullName":"PostgreSQL booking core database constraint rejects overlapping allocations even outside application code","status":"passed","title":"database constraint rejects overlapping allocations even outside application code","duration":163.89639999999963,"failureMessages":[],"meta":{},"tags":[]},{"ancestorTitles":["PostgreSQL booking core"],"fullName":"PostgreSQL booking core RLS rejects writes carrying another tenant context","status":"passed","title":"RLS rejects writes carrying another tenant context","duration":141.45340000000033,"failureMessages":[],"meta":{},"tags":[]},{"ancestorTitles":["AT-17: Europe/Tallinn daylight saving"],"fullName":"AT-17: Europe/Tallinn daylight saving skips nonexistent spring and ambiguous autumn wall times","status":"passed","title":"skips nonexistent spring and ambiguous autumn wall times","duration":115.53570000000036,"failureMessages":[],"meta":{},"tags":[]}],"startTime":1788897972892,"endTime":1788897978240.5356,"status":"passed","message":"","name":"C:/Users/rauds/Desktop/Projektid/Broneerimise SaaS/broneering.info/tests/booking.test.ts"},{"assertionResults":[{"ancestorTitles":[],"fullName":"stops new booking immediately without deleting appointments, domains or temporary export access","status":"passed","title":"stops new booking immediately without deleting appointments, domains or temporary export access","duration":114.66199999999998,"failureMessages":[],"meta":{},"tags":[]},{"ancestorTitles":[],"fullName":"enforces expired data access without a worker and keeps only owner exit metadata readable","status":"passed","title":"enforces expired data access without a worker and keeps only owner exit metadata readable","duration":77.00489999999996,"failureMessages":[],"meta":{},"tags":[]},{"ancestorTitles":[],"fullName":"requires ordered dates and preserves paused publication on cancellation","status":"passed","title":"requires ordered dates and preserves paused publication on cancellation","duration":58.946600000000046,"failureMessages":[],"meta":{},"tags":[]},{"ancestorTitles":[],"fullName":"suppresses queued notifications after the contracted service end","status":"passed","title":"suppresses queued notifications after the contracted service end","duration":60.58730000000003,"failureMessages":[],"meta":{},"tags":[]}],"startTime":1788897997670,"endTime":1788897997981.5874,"status":"passed","message":"","name":"C:/Users/rauds/Desktop/Projektid/Broneerimise SaaS/broneering.info/tests/company-exit.test.ts"},{"assertionResults":[{"ancestorTitles":[],"fullName":"creates a private draft and one initial owner invitation, with atomic replay","status":"passed","title":"creates a private draft and one initial owner invitation, with atomic replay","duration":72.32300000000004,"failureMessages":[],"meta":{},"tags":[]},{"ancestorTitles":[],"fullName":"checks live platform privileges, MFA, and disabled state even on replay","status":"passed","title":"checks live platform privileges, MFA, and disabled state even on replay","duration":44.12819999999999,"failureMessages":[],"meta":{},"tags":[]},{"ancestorTitles":[],"fullName":"retains domain reservations and rolls back rejected provisioning","status":"passed","title":"retains domain reservations and rolls back rejected provisioning","duration":50.228200000000015,"failureMessages":[],"meta":{},"tags":[]},{"ancestorTitles":[],"fullName":"renews an expired bootstrap invitation for the same email and invalidates previous links","status":"passed","title":"renews an expired bootstrap invitation for the same email and invalidates previous links","duration":77.524,"failureMessages":[],"meta":{},"tags":[]},{"ancestorTitles":[],"fullName":"rejects renewal without platform authority and refuses stale invitation selection","status":"passed","title":"rejects renewal without platform authority and refuses stale invitation selection","duration":46.266899999999964,"failureMessages":[],"meta":{},"tags":[]}],"startTime":1788897997025,"endTime":1788897997316.2668,"status":"passed","message":"","name":"C:/Users/rauds/Desktop/Projektid/Broneerimise SaaS/broneering.info/tests/company-provisioning.test.ts"},{"assertionResults":[{"ancestorTitles":[],"fullName":"protects customer reads and writes with exact host, session and same-origin gates","status":"passed","title":"protects customer reads and writes with exact host, session and same-origin gates","duration":21.737300000000005,"failureMessages":[],"meta":{},"tags":[]},{"ancestorTitles":[],"fullName":"delivers customer CSV as a non-cacheable attachment","status":"passed","title":"delivers customer CSV as a non-cacheable attachment","duration":1.2764000000000237,"failureMessages":[],"meta":{},"tags":[]}],"startTime":1788898003456,"endTime":1788898003479.2764,"status":"passed","message":"","name":"C:/Users/rauds/Desktop/Projektid/Broneerimise SaaS/broneering.info/tests/customer-management-http.test.ts"},{"assertionResults":[{"ancestorTitles":[],"fullName":"removes selected contacts and aliases, revokes links and exports, and prevents restoration","status":"passed","title":"removes selected contacts and aliases, revokes links and exports, and prevents restoration","duration":197.486,"failureMessages":[],"meta":{},"tags":[]},{"ancestorTitles":[],"fullName":"enforces legal holds and owner checks inside both service and database removal","status":"passed","title":"enforces legal holds and owner checks inside both service and database removal","duration":68.95060000000001,"failureMessages":[],"meta":{},"tags":[]},{"ancestorTitles":[],"fullName":"keeps retention inactive by default and versions owner-approved changes and legal holds","status":"passed","title":"keeps retention inactive by default and versions owner-approved changes and legal holds","duration":80.11310000000003,"failureMessages":[],"meta":{},"tags":[]},{"ancestorTitles":[],"fullName":"exports only the selected person and explicit aliases, with owner and identity checks","status":"passed","title":"exports only the selected person and explicit aliases, with owner and identity checks","duration":81.9425,"failureMessages":[],"meta":{},"tags":[]},{"ancestorTitles":[],"fullName":"merges only selected cards, preserves snapshots and routes future exact contact matches through aliases","status":"passed","title":"merges only selected cards, preserves snapshots and routes future exact contact matches through aliases","duration":95.84440000000006,"failureMessages":[],"meta":{},"tags":[]},{"ancestorTitles":[],"fullName":"rejects stale, foreign, unauthorized and changed retry requests","status":"passed","title":"rejects stale, foreign, unauthorized and changed retry requests","duration":76.85979999999995,"failureMessages":[],"meta":{},"tags":[]}],"startTime":1788897994829,"endTime":1788897995430.8599,"status":"passed","message":"","name":"C:/Users/rauds/Desktop/Projektid/Broneerimise SaaS/broneering.info/tests/customer-merge.test.ts"},{"assertionResults":[{"ancestorTitles":[],"fullName":"gates contact disclosure and removal by host, session and exact origin","status":"passed","title":"gates contact disclosure and removal by host, session and exact origin","duration":22.7414,"failureMessages":[],"meta":{},"tags":[]},{"ancestorTitles":[],"fullName":"returns a non-cacheable attachment and keeps preview read-only","status":"passed","title":"returns a non-cacheable attachment and keeps preview read-only","duration":2.377299999999991,"failureMessages":[],"meta":{},"tags":[]}],"startTime":1788898002748,"endTime":1788898002773.3772,"status":"passed","message":"","name":"C:/Users/rauds/Desktop/Projektid/Broneerimise SaaS/broneering.info/tests/customer-privacy-http.test.ts"},{"assertionResults":[{"ancestorTitles":[],"fullName":"rejects forged booking duration, buffers, currency and non-positive versions","status":"passed","title":"rejects forged booking duration, buffers, currency and non-positive versions","duration":55.3809,"failureMessages":[],"meta":{},"tags":[]},{"ancestorTitles":[],"fullName":"rejects invalid timezones and overlapping local hours but permits adjacent intervals","status":"passed","title":"rejects invalid timezones and overlapping local hours but permits adjacent intervals","duration":60.10409999999999,"failureMessages":[],"meta":{},"tags":[]},{"ancestorTitles":[],"fullName":"isolates all new tenant tables and read projections using the application database role","status":"passed","title":"isolates all new tenant tables and read projections using the application database role","duration":56.973900000000015,"failureMessages":[],"meta":{},"tags":[]},{"ancestorTitles":[],"fullName":"uses composite foreign keys for files, imports, subscriptions and payments","status":"passed","title":"uses composite foreign keys for files, imports, subscriptions and payments","duration":44.2559,"failureMessages":[],"meta":{},"tags":[]},{"ancestorTitles":[],"fullName":"keeps published theme snapshots separate from drafts and rejects file path traversal","status":"passed","title":"keeps published theme snapshots separate from drafts and rejects file path traversal","duration":39.446799999999996,"failureMessages":[],"meta":{},"tags":[]},{"ancestorTitles":[],"fullName":"keeps plan versions and issued invoice snapshots immutable and prevents duplicate periods","status":"passed","title":"keeps plan versions and issued invoice snapshots immutable and prevents duplicate periods","duration":50.53219999999999,"failureMessages":[],"meta":{},"tags":[]},{"ancestorTitles":[],"fullName":"records corrections by reversing payments and requires export expiry and import approval","status":"passed","title":"records corrections by reversing payments and requires export expiry and import approval","duration":41.79570000000001,"failureMessages":[],"meta":{},"tags":[]}],"startTime":1788897996388,"endTime":1788897996736.7957,"status":"passed","message":"","name":"C:/Users/rauds/Desktop/Projektid/Broneerimise SaaS/broneering.info/tests/data-model.test.ts"},{"assertionResults":[{"ancestorTitles":[],"fullName":"does not replay an unknown commit outcome and discards a connection whose rollback fails","status":"passed","title":"does not replay an unknown commit outcome and discards a connection whose rollback fails","duration":2.962600000000009,"failureMessages":[],"meta":{},"tags":[]}],"startTime":1788898004133,"endTime":1788898004135.9626,"status":"passed","message":"","name":"C:/Users/rauds/Desktop/Projektid/Broneerimise SaaS/broneering.info/tests/db.test.ts"},{"assertionResults":[{"ancestorTitles":["Embedding origin and v1 protocol"],"fullName":"Embedding origin and v1 protocol normalizes exact origins and rejects wildcards, paths and credentials","status":"passed","title":"normalizes exact origins and rejects wildcards, paths and credentials","duration":2.0648000000000195,"failureMessages":[],"meta":{},"tags":[]},{"ancestorTitles":["Embedding origin and v1 protocol"],"fullName":"Embedding origin and v1 protocol accepts only exact layout message schemas and bounded integer heights","status":"passed","title":"accepts only exact layout message schemas and bounded integer heights","duration":0.34019999999998163,"failureMessages":[],"meta":{},"tags":[]},{"ancestorTitles":["Embedding origin and v1 protocol"],"fullName":"Embedding origin and v1 protocol keeps original links and safely encodes the parent origin in generated snippets","status":"passed","title":"keeps original links and safely encodes the parent origin in generated snippets","duration":0.47270000000000323,"failureMessages":[],"meta":{},"tags":[]},{"ancestorTitles":["Domain and embedding database boundaries"],"fullName":"Domain and embedding database boundaries keeps a pending domain closed until HTTPS provisioning succeeds","status":"passed","title":"keeps a pending domain closed until HTTPS provisioning succeeds","duration":14.362600000000043,"failureMessages":[],"meta":{},"tags":[]},{"ancestorTitles":["Domain and embedding database boundaries"],"fullName":"Domain and embedding database boundaries permits only the MFA owner to edit exact website origins","status":"passed","title":"permits only the MFA owner to edit exact website origins","duration":32.92579999999998,"failureMessages":[],"meta":{},"tags":[]},{"ancestorTitles":["Domain and embedding database boundaries"],"fullName":"Domain and embedding database boundaries does not erase saved settings when an invalid origin is submitted","status":"passed","title":"does not erase saved settings when an invalid origin is submitted","duration":4.356099999999969,"failureMessages":[],"meta":{},"tags":[]},{"ancestorTitles":["Domain and embedding database boundaries"],"fullName":"Domain and embedding database boundaries sets a host-specific frame policy and closes it after removal","status":"passed","title":"sets a host-specific frame policy and closes it after removal","duration":19.110000000000014,"failureMessages":[],"meta":{},"tags":[]},{"ancestorTitles":["Domain and embedding database boundaries"],"fullName":"Domain and embedding database boundaries does not reassign an old address after deleting its current domain row","status":"passed","title":"does not reassign an old address after deleting its current domain row","duration":4.720199999999977,"failureMessages":[],"meta":{},"tags":[]}],"startTime":1788897999103,"endTime":1788897999219.7202,"status":"passed","message":"","name":"C:/Users/rauds/Desktop/Projektid/Broneerimise SaaS/broneering.info/tests/embed.test.ts"},{"assertionResults":[{"ancestorTitles":[],"fullName":"cannot publish a snapshot taken before contact removal and physically removes ready exports","status":"passed","title":"cannot publish a snapshot taken before contact removal and physically removes ready exports","duration":280.2364,"failureMessages":[],"meta":{},"tags":[]},{"ancestorTitles":[],"fullName":"streams multiple cursor batches from one snapshot and excludes other tenants and credentials","status":"passed","title":"streams multiple cursor batches from one snapshot and excludes other tenants and credentials","duration":380.92060000000004,"failureMessages":[],"meta":{},"tags":[]},{"ancestorTitles":[],"fullName":"deduplicates requests and claims, while checking live owner rights at download","status":"passed","title":"deduplicates requests and claims, while checking live owner rights at download","duration":126.74299999999994,"failureMessages":[],"meta":{},"tags":[]},{"ancestorTitles":[],"fullName":"expires files and rejects download before the cleanup worker runs","status":"passed","title":"expires files and rejects download before the cleanup worker runs","duration":117.15589999999997,"failureMessages":[],"meta":{},"tags":[]},{"ancestorTitles":[],"fullName":"reclaims expired leases and refuses obsolete or unauthorized workers","status":"passed","title":"reclaims expired leases and refuses obsolete or unauthorized workers","duration":67.58420000000001,"failureMessages":[],"meta":{},"tags":[]},{"ancestorTitles":[],"fullName":"rejects public storage paths and filename traversal","status":"passed","title":"rejects public storage paths and filename traversal","duration":36.05209999999988,"failureMessages":[],"meta":{},"tags":[]},{"ancestorTitles":[],"fullName":"removes only old unreferenced private files","status":"passed","title":"removes only old unreferenced private files","duration":43.79539999999997,"failureMessages":[],"meta":{},"tags":[]}],"startTime":1788897990353,"endTime":1788897991405.7954,"status":"passed","message":"","name":"C:/Users/rauds/Desktop/Projektid/Broneerimise SaaS/broneering.info/tests/exports.test.ts"},{"assertionResults":[{"ancestorTitles":["bounded import CSV input"],"fullName":"bounded import CSV input preserves quoted delimiters, newlines, escaped quotes, unicode and blank final cells","status":"passed","title":"preserves quoted delimiters, newlines, escaped quotes, unicode and blank final cells","duration":1.5527000000000015,"failureMessages":[],"meta":{},"tags":[]},{"ancestorTitles":["bounded import CSV input"],"fullName":"bounded import CSV input reports row widths without shifting cells or silently discarding empty rows","status":"passed","title":"reports row widths without shifting cells or silently discarding empty rows","duration":0.27020000000000266,"failureMessages":[],"meta":{},"tags":[]},{"ancestorTitles":["bounded import CSV input"],"fullName":"bounded import CSV input rejects malformed quotes, duplicate headers, controls and empty data","status":"passed","title":"rejects malformed quotes, duplicate headers, controls and empty data","duration":0.9281000000000006,"failureMessages":[],"meta":{},"tags":[]},{"ancestorTitles":["bounded import CSV input"],"fullName":"bounded import CSV input enforces field, column, row and byte bounds","status":"passed","title":"enforces field, column, row and byte bounds","duration":5.973900000000015,"failureMessages":[],"meta":{},"tags":[]},{"ancestorTitles":["bounded import CSV input"],"fullName":"bounded import CSV input rejects invalid UTF-8 and incorrect media types","status":"passed","title":"rejects invalid UTF-8 and incorrect media types","duration":29.115800000000007,"failureMessages":[],"meta":{},"tags":[]}],"startTime":1788898001583,"endTime":1788898001621.1157,"status":"passed","message":"","name":"C:/Users/rauds/Desktop/Projektid/Broneerimise SaaS/broneering.info/tests/import-csv.test.ts"},{"assertionResults":[{"ancestorTitles":[],"fullName":"distinguishes both DST fold occurrences and refuses nonexistent local times and missing offsets","status":"passed","title":"distinguishes both DST fold occurrences and refuses nonexistent local times and missing offsets","duration":20.441000000000003,"failureMessages":[],"meta":{},"tags":[]},{"ancestorTitles":[],"fullName":"provides complete parseable templates with distinct required mappings","status":"passed","title":"provides complete parseable templates with distinct required mappings","duration":1.3396999999999935,"failureMessages":[],"meta":{},"tags":[]}],"startTime":1788898002985,"endTime":1788898003007.3396,"status":"passed","message":"","name":"C:/Users/rauds/Desktop/Projektid/Broneerimise SaaS/broneering.info/tests/import-fields.test.ts"},{"assertionResults":[{"ancestorTitles":[],"fullName":"blocks contact removal until import source copies have been purged","status":"passed","title":"blocks contact removal until import source copies have been purged","duration":202.5392,"failureMessages":[],"meta":{},"tags":[]},{"ancestorTitles":[],"fullName":"removes completed source copies while preserving imported records and external-ID duplicate checks","status":"passed","title":"removes completed source copies while preserving imported records and external-ID duplicate checks","duration":158.36829999999998,"failureMessages":[],"meta":{},"tags":[]},{"ancestorTitles":[],"fullName":"commits all four kinds, retries once and never sends an initial mail wave","status":"passed","title":"commits all four kinds, retries once and never sends an initial mail wave","duration":311.4373999999999,"failureMessages":[],"meta":{},"tags":[]},{"ancestorTitles":[],"fullName":"cancels unfinished imports, clears contacts and removes their private file idempotently","status":"passed","title":"cancels unfinished imports, clears contacts and removes their private file idempotently","duration":88.29510000000005,"failureMessages":[],"meta":{},"tags":[]},{"ancestorTitles":[],"fullName":"requires explicit skipping and rejects a duplicate completed after preview","status":"passed","title":"requires explicit skipping and rejects a duplicate completed after preview","duration":120.05340000000001,"failureMessages":[],"meta":{},"tags":[]},{"ancestorTitles":[],"fullName":"normalizes mapped rows, flags duplicates and validates preview versions","status":"passed","title":"normalizes mapped rows, flags duplicates and validates preview versions","duration":78.64959999999996,"failureMessages":[],"meta":{},"tags":[]},{"ancestorTitles":[],"fullName":"deduplicates concurrent uploads, preserves separate same-email rows and paginates previews","status":"passed","title":"deduplicates concurrent uploads, preserves separate same-email rows and paginates previews","duration":93.01289999999995,"failureMessages":[],"meta":{},"tags":[]},{"ancestorTitles":[],"fullName":"enforces current owner rights and tenant isolation","status":"passed","title":"enforces current owner rights and tenant isolation","duration":71.56619999999998,"failureMessages":[],"meta":{},"tags":[]},{"ancestorTitles":[],"fullName":"keeps row-level shape errors but rejects malformed files before storage","status":"passed","title":"keeps row-level shape errors but rejects malformed files before storage","duration":63.50729999999999,"failureMessages":[],"meta":{},"tags":[]}],"startTime":1788897987706,"endTime":1788897988893.5073,"status":"passed","message":"","name":"C:/Users/rauds/Desktop/Projektid/Broneerimise SaaS/broneering.info/tests/import-management.test.ts"},{"assertionResults":[{"ancestorTitles":[],"fullName":"requires explicit valid accounting settings, checks current platform rights, and versions concurrent retries once","status":"passed","title":"requires explicit valid accounting settings, checks current platform rights, and versions concurrent retries once","duration":36.17360000000008,"failureMessages":[],"meta":{},"tags":[]},{"ancestorTitles":[],"fullName":"allows only the owner or platform to save recipient details and keeps preview read-only","status":"passed","title":"allows only the owner or platform to save recipient details and keeps preview read-only","duration":42.73739999999998,"failureMessages":[],"meta":{},"tags":[]},{"ancestorTitles":[],"fullName":"issues one immutable invoice under concurrent replay, keeps the gross price, and enforces tenant access","status":"passed","title":"issues one immutable invoice under concurrent replay, keeps the gross price, and enforces tenant access","duration":67.72320000000002,"failureMessages":[],"meta":{},"tags":[]},{"ancestorTitles":[],"fullName":"requires a new preview after configuration changes and never rewrites an issued snapshot","status":"passed","title":"requires a new preview after configuration changes and never rewrites an issued snapshot","duration":26.552400000000034,"failureMessages":[],"meta":{},"tags":[]},{"ancestorTitles":[],"fullName":"credits the full invoice exactly once, preserves received money, and allows a newly reviewed replacement","status":"passed","title":"credits the full invoice exactly once, preserves received money, and allows a newly reviewed replacement","duration":115.32630000000006,"failureMessages":[],"meta":{},"tags":[]},{"ancestorTitles":[],"fullName":"reserves one checkout, accepts signed callbacks once, and preserves actual provider receipts","status":"passed","title":"reserves one checkout, accepts signed callbacks once, and preserves actual provider receipts","duration":172.83499999999992,"failureMessages":[],"meta":{},"tags":[]},{"ancestorTitles":[],"fullName":"activates only a confirmed multiuse token and never reactivates revoked consent","status":"passed","title":"activates only a confirmed multiuse token and never reactivates revoked consent","duration":145.94629999999984,"failureMessages":[],"meta":{},"tags":[]},{"ancestorTitles":[],"fullName":"links an already-paid account with zero charge and charges the next invoice once under concurrent workers","status":"passed","title":"links an already-paid account with zero charge and charges the next invoice once under concurrent workers","duration":168.9364999999998,"failureMessages":[],"meta":{},"tags":[]},{"ancestorTitles":[],"fullName":"limits an invoice bearer link to its own payment and revokes access before replay","status":"passed","title":"limits an invoice bearer link to its own payment and revokes access before replay","duration":97.89429999999993,"failureMessages":[],"meta":{},"tags":[]},{"ancestorTitles":[],"fullName":"reconciles refund callbacks into monotone refund history without erasing original receipts","status":"passed","title":"reconciles refund callbacks into monotone refund history without erasing original receipts","duration":162.3789999999999,"failureMessages":[],"meta":{},"tags":[]},{"ancestorTitles":[],"fullName":"automatically invoices unpaid months once, preserves the anchor, and stops before an agreed end","status":"passed","title":"automatically invoices unpaid months once, preserves the anchor, and stops before an agreed end","duration":73.44049999999993,"failureMessages":[],"meta":{},"tags":[]},{"ancestorTitles":[],"fullName":"queues invoice mail atomically, isolates tenants, retries failures and sends each invoice once","status":"passed","title":"queues invoice mail atomically, isolates tenants, retries failures and sends each invoice once","duration":114.19269999999983,"failureMessages":[],"meta":{},"tags":[]},{"ancestorTitles":[],"fullName":"queues one overdue reminder and suppresses it when the invoice is paid before delivery","status":"passed","title":"queues one overdue reminder and suppresses it when the invoice is paid before delivery","duration":62.70080000000007,"failureMessages":[],"meta":{},"tags":[]},{"ancestorTitles":[],"fullName":"replaces a credited historical month without moving the subscription cursor or copying receipts","status":"passed","title":"replaces a credited historical month without moving the subscription cursor or copying receipts","duration":113.66740000000004,"failureMessages":[],"meta":{},"tags":[]}],"startTime":1788897984178,"endTime":1788897985579.6675,"status":"passed","message":"","name":"C:/Users/rauds/Desktop/Projektid/Broneerimise SaaS/broneering.info/tests/invoices.test.ts"},{"assertionResults":[{"ancestorTitles":[],"fullName":"has complete catalogs with matching interpolation parameters","status":"passed","title":"has complete catalogs with matching interpolation parameters","duration":71.09099999999998,"failureMessages":[],"meta":{},"tags":[]},{"ancestorTitles":[],"fullName":"separates admin and customer preferences and honours explicit selections","status":"passed","title":"separates admin and customer preferences and honours explicit selections","duration":14.5625,"failureMessages":[],"meta":{},"tags":[]},{"ancestorTitles":[],"fullName":"translates messages without translating company content and retains spacing","status":"passed","title":"translates messages without translating company content and retains spacing","duration":0.3575000000000159,"failureMessages":[],"meta":{},"tags":[]},{"ancestorTitles":[],"fullName":"returns field-specific errors and accepts valid multilingual contact names","status":"passed","title":"returns field-specific errors and accepts valid multilingual contact names","duration":2.64549999999997,"failureMessages":[],"meta":{},"tags":[]}],"startTime":1788898000713,"endTime":1788898000801.6455,"status":"passed","message":"","name":"C:/Users/rauds/Desktop/Projektid/Broneerimise SaaS/broneering.info/tests/locales.test.ts"},{"assertionResults":[{"ancestorTitles":[],"fullName":"requires explicit complete HTTPS configuration and exposes no keys in availability","status":"passed","title":"requires explicit complete HTTPS configuration and exposes no keys in availability","duration":3.501400000000018,"failureMessages":[],"meta":{},"tags":[]},{"ancestorTitles":[],"fullName":"validates the exact signed bytes and shop before accepting a completed payment","status":"passed","title":"validates the exact signed bytes and shop before accepting a completed payment","duration":3.907800000000009,"failureMessages":[],"meta":{},"tags":[]},{"ancestorTitles":[],"fullName":"accepts a signed token separately from money and rejects malformed tokens and fractional cents","status":"passed","title":"accepts a signed token separately from money and rejects malformed tokens and fractional cents","duration":1.78479999999999,"failureMessages":[],"meta":{},"tags":[]},{"ancestorTitles":[],"fullName":"creates an exact invoice transaction using server credentials and fixed callbacks","status":"passed","title":"creates an exact invoice transaction using server credentials and fixed callbacks","duration":15.943399999999997,"failureMessages":[],"meta":{},"tags":[]},{"ancestorTitles":[],"fullName":"rejects changed money and unsafe redirects and never retries an uncertain provider call","status":"passed","title":"rejects changed money and unsafe redirects and never retries an uncertain provider call","duration":2.5130000000000052,"failureMessages":[],"meta":{},"tags":[]},{"ancestorTitles":[],"fullName":"reads only the expected transaction and reports definitive declines without raw provider data","status":"passed","title":"reads only the expected transaction and reports definitive declines without raw provider data","duration":2.0764999999999816,"failureMessages":[],"meta":{},"tags":[]}],"startTime":1788898001835,"endTime":1788898001865.0764,"status":"passed","message":"","name":"C:/Users/rauds/Desktop/Projektid/Broneerimise SaaS/broneering.info/tests/makecommerce.test.ts"},{"assertionResults":[{"ancestorTitles":[],"fullName":"captures a localized confirmation and the existing secure link without marking it delivered","status":"passed","title":"captures a localized confirmation and the existing secure link without marking it delivered","duration":179.74170000000004,"failureMessages":[],"meta":{},"tags":[]},{"ancestorTitles":[],"fullName":"serializes duplicate workers and sends a claimed job once","status":"passed","title":"serializes duplicate workers and sends a claimed job once","duration":126.66269999999997,"failureMessages":[],"meta":{},"tags":[]},{"ancestorTitles":[],"fullName":"retries temporary SMTP failures with the same Message-ID and no private error text","status":"passed","title":"retries temporary SMTP failures with the same Message-ID and no private error text","duration":142.16009999999994,"failureMessages":[],"meta":{},"tags":[]},{"ancestorTitles":[],"fullName":"requires an owner and a fresh version for retry and observed delivery feedback","status":"passed","title":"requires an owner and a fresh version for retry and observed delivery feedback","duration":156.05230000000006,"failureMessages":[],"meta":{},"tags":[]},{"ancestorTitles":[],"fullName":"reclaims an expired worker lease while rejecting its obsolete claim","status":"passed","title":"reclaims an expired worker lease while rejecting its obsolete claim","duration":118.07350000000008,"failureMessages":[],"meta":{},"tags":[]},{"ancestorTitles":[],"fullName":"invalidates a claimed confirmation and reminder when cancellation commits first","status":"passed","title":"invalidates a claimed confirmation and reminder when cancellation commits first","duration":141.41880000000015,"failureMessages":[],"meta":{},"tags":[]},{"ancestorTitles":[],"fullName":"keeps SMTP out of demo mode, and leaves jobs untouched while transport is disabled","status":"passed","title":"keeps SMTP out of demo mode, and leaves jobs untouched while transport is disabled","duration":105.3293000000001,"failureMessages":[],"meta":{},"tags":[]},{"ancestorTitles":[],"fullName":"applies reminder settings to future pending jobs without issuing a past-due reminder flood","status":"passed","title":"applies reminder settings to future pending jobs without issuing a past-due reminder flood","duration":176.92560000000003,"failureMessages":[],"meta":{},"tags":[]},{"ancestorTitles":[],"fullName":"queues company copies separately and honours manual customer email suppression","status":"passed","title":"queues company copies separately and honours manual customer email suppression","duration":120.90769999999998,"failureMessages":[],"meta":{},"tags":[]},{"ancestorTitles":[],"fullName":"prevents production capture and does not auto-enable unconfigured reminders","status":"passed","title":"prevents production capture and does not auto-enable unconfigured reminders","duration":92.07389999999987,"failureMessages":[],"meta":{},"tags":[]}],"startTime":1788897986031,"endTime":1788897987391.074,"status":"passed","message":"","name":"C:/Users/rauds/Desktop/Projektid/Broneerimise SaaS/broneering.info/tests/notifications.test.ts"},{"assertionResults":[{"ancestorTitles":[],"fullName":"requires a working preview booking and real entitlement before publication","status":"passed","title":"requires a working preview booking and real entitlement before publication","duration":257.6145,"failureMessages":[],"meta":{},"tags":[]},{"ancestorTitles":[],"fullName":"keeps existing bookings and their management links while blocking new bookings on pause","status":"passed","title":"keeps existing bookings and their management links while blocking new bookings on pause","duration":191.58069999999998,"failureMessages":[],"meta":{},"tags":[]},{"ancestorTitles":[],"fullName":"rechecks owner privileges and versions, and invalidates a reviewed rules version","status":"passed","title":"rechecks owner privileges and versions, and invalidates a reviewed rules version","duration":86.87,"failureMessages":[],"meta":{},"tags":[]},{"ancestorTitles":[],"fullName":"suppresses test mail even if the tenant demo flag later changes","status":"passed","title":"suppresses test mail even if the tenant demo flag later changes","duration":93.11959999999999,"failureMessages":[],"meta":{},"tags":[]}],"startTime":1788897993944,"endTime":1788897994573.1196,"status":"passed","message":"","name":"C:/Users/rauds/Desktop/Projektid/Broneerimise SaaS/broneering.info/tests/onboarding.test.ts"},{"assertionResults":[{"ancestorTitles":["readiness"],"fullName":"readiness returns only generic unavailable on database failure","status":"passed","title":"returns only generic unavailable on database failure","duration":15.949099999999987,"failureMessages":[],"meta":{},"tags":[]},{"ancestorTitles":["readiness"],"fullName":"readiness reports a successful database probe","status":"passed","title":"reports a successful database probe","duration":0.3837000000000046,"failureMessages":[],"meta":{},"tags":[]},{"ancestorTitles":["readiness"],"fullName":"readiness rejects failed safety or migration checks","status":"passed","title":"rejects failed safety or migration checks","duration":0.21059999999999945,"failureMessages":[],"meta":{},"tags":[]},{"ancestorTitles":["readiness"],"fullName":"readiness bounds a stalled probe","status":"passed","title":"bounds a stalled probe","duration":1.7670000000000243,"failureMessages":[],"meta":{},"tags":[]},{"ancestorTitles":["readiness"],"fullName":"readiness requires a safe runtime role and every shipped migration, permitting later migrations","status":"passed","title":"requires a safe runtime role and every shipped migration, permitting later migrations","duration":2.0511999999999944,"failureMessages":[],"meta":{},"tags":[]}],"startTime":1788898003157,"endTime":1788898003178.0513,"status":"passed","message":"","name":"C:/Users/rauds/Desktop/Projektid/Broneerimise SaaS/broneering.info/tests/operations-health.test.ts"},{"assertionResults":[{"ancestorTitles":[],"fullName":"withholds stale checkout capabilities on all replay/read paths without losing provider receipts","status":"passed","title":"withholds stale checkout capabilities on all replay/read paths without losing provider receipts","duration":254.29579999999999,"failureMessages":[],"meta":{},"tags":[]},{"ancestorTitles":[],"fullName":"rechecks the invoice after the link provider call and keeps the stale attempt reconcilable","status":"passed","title":"rechecks the invoice after the link provider call and keeps the stale attempt reconcilable","duration":119.51160000000004,"failureMessages":[],"meta":{},"tags":[]},{"ancestorTitles":[],"fullName":"rechecks the invoice after the enroll provider call and keeps the stale attempt reconcilable","status":"passed","title":"rechecks the invoice after the enroll provider call and keeps the stale attempt reconcilable","duration":118.02970000000005,"failureMessages":[],"meta":{},"tags":[]},{"ancestorTitles":[],"fullName":"withholds an existing checkout after a 3500-cent receipt settles the invoice","status":"passed","title":"withholds an existing checkout after a 3500-cent receipt settles the invoice","duration":102.71820000000002,"failureMessages":[],"meta":{},"tags":[]},{"ancestorTitles":[],"fullName":"withholds an existing checkout after a 4500-cent receipt settles the invoice","status":"passed","title":"withholds an existing checkout after a 4500-cent receipt settles the invoice","duration":105.332,"failureMessages":[],"meta":{},"tags":[]}],"startTime":1788897992822,"endTime":1788897993522.332,"status":"passed","message":"","name":"C:/Users/rauds/Desktop/Projektid/Broneerimise SaaS/broneering.info/tests/payment-checkout-freshness.test.ts"},{"assertionResults":[{"ancestorTitles":[],"fullName":"honors the due day until local midnight, without trusting a cached paid status","status":"passed","title":"honors the due day until local midnight, without trusting a cached paid status","duration":68.632,"failureMessages":[],"meta":{},"tags":[]},{"ancestorTitles":[],"fullName":"records partial payments once, rejects duplicate bank entries, and reaches paid-through only on settlement","status":"passed","title":"records partial payments once, rejects duplicate bank entries, and reaches paid-through only on settlement","duration":134.1814,"failureMessages":[],"meta":{},"tags":[]},{"ancestorTitles":[],"fullName":"reverses a mistaken record without deleting history and can reuse its bank entry for the correction","status":"passed","title":"reverses a mistaken record without deleting history and can reuse its bank entry for the correction","duration":103.72719999999998,"failureMessages":[],"meta":{},"tags":[]},{"ancestorTitles":[],"fullName":"requires explicit overpayment confirmation and rejects future bank dates","status":"passed","title":"requires explicit overpayment confirmation and rejects future bank dates","duration":63.91190000000006,"failureMessages":[],"meta":{},"tags":[]},{"ancestorTitles":[],"fullName":"does not jump a paid period past older debt and retracts coverage after reversal","status":"passed","title":"does not jump a paid period past older debt and retracts coverage after reversal","duration":90.2654,"failureMessages":[],"meta":{},"tags":[]},{"ancestorTitles":[],"fullName":"does not treat a missing earlier invoice as a paid or covered period","status":"passed","title":"does not treat a missing earlier invoice as a paid or covered period","duration":57.71169999999995,"failureMessages":[],"meta":{},"tags":[]},{"ancestorTitles":[],"fullName":"blocks new public, manual and imported bookings while preserving existing booking management and export","status":"passed","title":"blocks new public, manual and imported bookings while preserving existing booking management and export","duration":263.58050000000003,"failureMessages":[],"meta":{},"tags":[]}],"startTime":1788897991721,"endTime":1788897992503.5806,"status":"passed","message":"","name":"C:/Users/rauds/Desktop/Projektid/Broneerimise SaaS/broneering.info/tests/payments.test.ts"},{"assertionResults":[{"ancestorTitles":[],"fullName":"encrypts private files and removal records, verifies integrity and refuses a nonempty restore target","status":"passed","title":"encrypts private files and removal records, verifies integrity and refuses a nonempty restore target","duration":44.88560000000001,"failureMessages":[],"meta":{},"tags":[]},{"ancestorTitles":[],"fullName":"rejects modified encrypted content before publishing a restored directory","status":"passed","title":"rejects modified encrypted content before publishing a restored directory","duration":17.6284,"failureMessages":[],"meta":{},"tags":[]}],"startTime":1788898000996,"endTime":1788898001058.6284,"status":"passed","message":"","name":"C:/Users/rauds/Desktop/Projektid/Broneerimise SaaS/broneering.info/tests/recovery-artifact.test.ts"},{"assertionResults":[{"ancestorTitles":[],"fullName":"replays a later removal on an isolated older database without erasing unrelated contacts","status":"passed","title":"replays a later removal on an isolated older database without erasing unrelated contacts","duration":984.2265,"failureMessages":[],"meta":{},"tags":[]}],"startTime":1788897989123,"endTime":1788897990107.2266,"status":"passed","message":"","name":"C:/Users/rauds/Desktop/Projektid/Broneerimise SaaS/broneering.info/tests/recovery-reconcile.test.ts"},{"assertionResults":[{"ancestorTitles":[],"fullName":"shares an atomic limit across independent connection pools and retains no raw scope","status":"passed","title":"shares an atomic limit across independent connection pools and retains no raw scope","duration":69.92949999999999,"failureMessages":[],"meta":{},"tags":[]},{"ancestorTitles":[],"fullName":"resets expired windows and reports a retry delay","status":"passed","title":"resets expired windows and reports a retry delay","duration":21.730399999999975,"failureMessages":[],"meta":{},"tags":[]},{"ancestorTitles":[],"fullName":"fails closed during admission storage outage without exposing database errors","status":"passed","title":"fails closed during admission storage outage without exposing database errors","duration":1.7600999999999658,"failureMessages":[],"meta":{},"tags":[]},{"ancestorTitles":[],"fullName":"rejects malformed, credential-bearing and cross-scheme Origins with a controlled 403","status":"passed","title":"rejects malformed, credential-bearing and cross-scheme Origins with a controlled 403","duration":2.133199999999988,"failureMessages":[],"meta":{},"tags":[]},{"ancestorTitles":[],"fullName":"logs bounded aggregate rejection signals without accepting raw request data","status":"passed","title":"logs bounded aggregate rejection signals without accepting raw request data","duration":1.2109000000000378,"failureMessages":[],"meta":{},"tags":[]}],"startTime":1788897999436,"endTime":1788897999532.211,"status":"passed","message":"","name":"C:/Users/rauds/Desktop/Projektid/Broneerimise SaaS/broneering.info/tests/request-limits.test.ts"},{"assertionResults":[{"ancestorTitles":[],"fullName":"intersects location and staff hours and excludes pauses including buffers","status":"passed","title":"intersects location and staff hours and excludes pauses including buffers","duration":178.66049999999998,"failureMessages":[],"meta":{},"tags":[]},{"ancestorTitles":[],"fullName":"merges adjoining working intervals but rejects overlaps and invalid dates","status":"passed","title":"merges adjoining working intervals but rejects overlaps and invalid dates","duration":138.9257,"failureMessages":[],"meta":{},"tags":[]},{"ancestorTitles":[],"fullName":"adds a vacation period without creating fake bookings and restores the weekly plan","status":"passed","title":"adds a vacation period without creating fake bookings and restores the weekly plan","duration":160.7025,"failureMessages":[],"meta":{},"tags":[]},{"ancestorTitles":[],"fullName":"uses a changed-hours exception instead of the regular day and still respects a location closure","status":"passed","title":"uses a changed-hours exception instead of the regular day and still respects a location closure","duration":135.73169999999993,"failureMessages":[],"meta":{},"tags":[]},{"ancestorTitles":[],"fullName":"limits staff to their own scope and checks fresh permissions on every write","status":"passed","title":"limits staff to their own scope and checks fresh permissions on every write","duration":146.74429999999995,"failureMessages":[],"meta":{},"tags":[]},{"ancestorTitles":[],"fullName":"rejects foreign scopes and leaves unscoped schedule revisions invisible under RLS","status":"passed","title":"rejects foreign scopes and leaves unscoped schedule revisions invisible under RLS","duration":119.05340000000001,"failureMessages":[],"meta":{},"tags":[]},{"ancestorTitles":[],"fullName":"rolls back a closure, its revision and audit when a confirmed booking would be affected","status":"passed","title":"rolls back a closure, its revision and audit when a confirmed booking would be affected","duration":188.2994000000001,"failureMessages":[],"meta":{},"tags":[]},{"ancestorTitles":[],"fullName":"detects buffer-only conflicts and rejects restoring a closed weekly day beneath an existing exception booking","status":"passed","title":"detects buffer-only conflicts and rejects restoring a closed weekly day beneath an existing exception booking","duration":228.346,"failureMessages":[],"meta":{},"tags":[]},{"ancestorTitles":[],"fullName":"allows only one writer of the same schedule version","status":"passed","title":"allows only one writer of the same schedule version","duration":112.59930000000008,"failureMessages":[],"meta":{},"tags":[]},{"ancestorTitles":[],"fullName":"serializes simultaneous closing and booking without creating a booking outside working hours","status":"passed","title":"serializes simultaneous closing and booking without creating a booking outside working hours","duration":133.00019999999995,"failureMessages":[],"meta":{},"tags":[]},{"ancestorTitles":[],"fullName":"refreshes catalogue rules and stores the confirmed cancellation deadline without changing existing bookings","status":"passed","title":"refreshes catalogue rules and stores the confirmed cancellation deadline without changing existing bookings","duration":219.50970000000007,"failureMessages":[],"meta":{},"tags":[]},{"ancestorTitles":[],"fullName":"validates timezone changes and refuses ones that move a booking outside local working hours","status":"passed","title":"validates timezone changes and refuses ones that move a booking outside local working hours","duration":176.8764000000001,"failureMessages":[],"meta":{},"tags":[]},{"ancestorTitles":[],"fullName":"AT-07/08 rechecks the two-hour lead time after the user spends time in the form","status":"passed","title":"AT-07/08 rechecks the two-hour lead time after the user spends time in the form","duration":129.11580000000004,"failureMessages":[],"meta":{},"tags":[]}],"startTime":1788897981529,"endTime":1788897983597.1157,"status":"passed","message":"","name":"C:/Users/rauds/Desktop/Projektid/Broneerimise SaaS/broneering.info/tests/schedule-management.test.ts"},{"assertionResults":[{"ancestorTitles":["Search visibility"],"fullName":"Search visibility indexes the public site with one canonical www/non-www URL","status":"passed","title":"indexes the public site with one canonical www/non-www URL","duration":1.602499999999992,"failureMessages":[],"meta":{},"tags":[]},{"ancestorTitles":["Search visibility"],"fullName":"Search visibility excludes administration, demos, local previews and foreign hosts","status":"passed","title":"excludes administration, demos, local previews and foreign hosts","duration":0.4024000000000001,"failureMessages":[],"meta":{},"tags":[]},{"ancestorTitles":["Search visibility"],"fullName":"Search visibility indexes an active real company only after verified domain lookup","status":"passed","title":"indexes an active real company only after verified domain lookup","duration":1.2361000000000217,"failureMessages":[],"meta":{},"tags":[]},{"ancestorTitles":["Search visibility"],"fullName":"Search visibility keeps unregistered, inactive and demo company pages out of search","status":"passed","title":"keeps unregistered, inactive and demo company pages out of search","duration":0.333500000000015,"failureMessages":[],"meta":{},"tags":[]}],"startTime":1788898003962,"endTime":1788898003965.3335,"status":"passed","message":"","name":"C:/Users/rauds/Desktop/Projektid/Broneerimise SaaS/broneering.info/tests/search.test.ts"},{"assertionResults":[{"ancestorTitles":[],"fullName":"permanently cancels linked invitations when staff is archived and preserves fresh/unlinked invitations","status":"passed","title":"permanently cancels linked invitations when staff is archived and preserves fresh/unlinked invitations","duration":208.96460000000002,"failureMessages":[],"meta":{},"tags":[]},{"ancestorTitles":[],"fullName":"rejects legacy archived-staff invitations, memberships and role assignments for either linked role","status":"passed","title":"rejects legacy archived-staff invitations, memberships and role assignments for either linked role","duration":135.80979999999994,"failureMessages":[],"meta":{},"tags":[]},{"ancestorTitles":[],"fullName":"serializes invitation acceptance against staff archive so no active linked member survives","status":"passed","title":"serializes invitation acceptance against staff archive so no active linked member survives","duration":118.19639999999993,"failureMessages":[],"meta":{},"tags":[]},{"ancestorTitles":[],"fullName":"migrates legacy access once so restoring staff never revives old invitations or memberships","status":"passed","title":"migrates legacy access once so restoring staff never revives old invitations or memberships","duration":110.80830000000003,"failureMessages":[],"meta":{},"tags":[]},{"ancestorTitles":[],"fullName":"publishes only approved current translations and invalidates them only on source text changes","status":"passed","title":"publishes only approved current translations and invalidates them only on source text changes","duration":207.51139999999987,"failureMessages":[],"meta":{},"tags":[]},{"ancestorTitles":[],"fullName":"rejects cross-tenant access, non-owner translation changes and stale draft overwrites","status":"passed","title":"rejects cross-tenant access, non-owner translation changes and stale draft overwrites","duration":109.59770000000003,"failureMessages":[],"meta":{},"tags":[]},{"ancestorTitles":[],"fullName":"generates drafts and rejects results if the source or a target was edited during generation","status":"passed","title":"generates drafts and rejects results if the source or a target was edited during generation","duration":165.8400999999999,"failureMessages":[],"meta":{},"tags":[]},{"ancestorTitles":[],"fullName":"snapshots the approved name in the customer language without changing old bookings","status":"passed","title":"snapshots the approved name in the customer language without changing old bookings","duration":146.3193000000001,"failureMessages":[],"meta":{},"tags":[]},{"ancestorTitles":[],"fullName":"inherits defaults independently and preserves explicit employee overrides","status":"passed","title":"inherits defaults independently and preserves explicit employee overrides","duration":149.42370000000005,"failureMessages":[],"meta":{},"tags":[]},{"ancestorTitles":[],"fullName":"allows delegated pricing but rejects structural changes, forged roles and revoked access","status":"passed","title":"allows delegated pricing but rejects structural changes, forged roles and revoked access","duration":115.26890000000003,"failureMessages":[],"meta":{},"tags":[]},{"ancestorTitles":[],"fullName":"keeps tenant boundaries on reads, groups, staff assignments and raw RLS queries","status":"passed","title":"keeps tenant boundaries on reads, groups, staff assignments and raw RLS queries","duration":112.02800000000002,"failureMessages":[],"meta":{},"tags":[]},{"ancestorTitles":[],"fullName":"rejects invalid values and unknown fields before changing the catalogue","status":"passed","title":"rejects invalid values and unknown fields before changing the catalogue","duration":132.09500000000003,"failureMessages":[],"meta":{},"tags":[]},{"ancestorTitles":[],"fullName":"accepts only one concurrent update of the same version and audits the successful write","status":"passed","title":"accepts only one concurrent update of the same version and audits the successful write","duration":100.24460000000022,"failureMessages":[],"meta":{},"tags":[]},{"ancestorTitles":[],"fullName":"retains historical price, names, duration and inherited buffers after editing and archiving","status":"passed","title":"retains historical price, names, duration and inherited buffers after editing and archiving","duration":160.35939999999982,"failureMessages":[],"meta":{},"tags":[]},{"ancestorTitles":[],"fullName":"rejects a stale public price and excludes archived associations at confirmation","status":"passed","title":"rejects a stale public price and excludes archived associations at confirmation","duration":137.8361,"failureMessages":[],"meta":{},"tags":[]},{"ancestorTitles":[],"fullName":"hides archived groups and online-hidden services without deleting their records","status":"passed","title":"hides archived groups and online-hidden services without deleting their records","duration":148.76380000000017,"failureMessages":[],"meta":{},"tags":[]},{"ancestorTitles":[],"fullName":"publishes only the selected public staff profile fields","status":"passed","title":"publishes only the selected public staff profile fields","duration":82.76490000000013,"failureMessages":[],"meta":{},"tags":[]},{"ancestorTitles":[],"fullName":"serializes a concurrent price change and booking confirmation without mixed snapshots","status":"passed","title":"serializes a concurrent price change and booking confirmation without mixed snapshots","duration":114.10529999999972,"failureMessages":[],"meta":{},"tags":[]},{"ancestorTitles":[],"fullName":"supports nested groups, repeated names under different parents and inherited archiving","status":"passed","title":"supports nested groups, repeated names under different parents and inherited archiving","duration":141.69550000000027,"failureMessages":[],"meta":{},"tags":[]},{"ancestorTitles":[],"fullName":"rejects group cycles and foreign parents without disturbing existing branches","status":"passed","title":"rejects group cycles and foreign parents without disturbing existing branches","duration":111.67959999999994,"failureMessages":[],"meta":{},"tags":[]}],"startTime":1788897978544,"endTime":1788897981253.6797,"status":"passed","message":"","name":"C:/Users/rauds/Desktop/Projektid/Broneerimise SaaS/broneering.info/tests/service-management.test.ts"},{"assertionResults":[{"ancestorTitles":[],"fullName":"creates one pending monthly subscription on simultaneous replay and exposes only authorized reads","status":"passed","title":"creates one pending monthly subscription on simultaneous replay and exposes only authorized reads","duration":93.60719999999998,"failureMessages":[],"meta":{},"tags":[]},{"ancestorTitles":[],"fullName":"rejects unauthorized creation, invalid dates, past periods and trials in the database","status":"passed","title":"rejects unauthorized creation, invalid dates, past periods and trials in the database","duration":12.836700000000008,"failureMessages":[],"meta":{},"tags":[]}],"startTime":1788897998704,"endTime":1788897998809.8367,"status":"passed","message":"","name":"C:/Users/rauds/Desktop/Projektid/Broneerimise SaaS/broneering.info/tests/subscriptions.test.ts"},{"assertionResults":[{"ancestorTitles":[],"fullName":"does not call a provider until credentials and model are configured","status":"passed","title":"does not call a provider until credentials and model are configured","duration":2.8189999999999884,"failureMessages":[],"meta":{},"tags":[]},{"ancestorTitles":[],"fullName":"sends only source text and validates a complete structured response","status":"passed","title":"sends only source text and validates a complete structured response","duration":16.355999999999995,"failureMessages":[],"meta":{},"tags":[]},{"ancestorTitles":[],"fullName":"rejects incomplete, refused or invalid output without exposing provider content","status":"passed","title":"rejects incomplete, refused or invalid output without exposing provider content","duration":0.5293999999999812,"failureMessages":[],"meta":{},"tags":[]},{"ancestorTitles":[],"fullName":"rejects incomplete, refused or invalid output without exposing provider content","status":"passed","title":"rejects incomplete, refused or invalid output without exposing provider content","duration":0.507000000000005,"failureMessages":[],"meta":{},"tags":[]},{"ancestorTitles":[],"fullName":"rejects incomplete, refused or invalid output without exposing provider content","status":"passed","title":"rejects incomplete, refused or invalid output without exposing provider content","duration":0.8403999999999883,"failureMessages":[],"meta":{},"tags":[]},{"ancestorTitles":[],"fullName":"rejects incomplete, refused or invalid output without exposing provider content","status":"passed","title":"rejects incomplete, refused or invalid output without exposing provider content","duration":1.2052000000000191,"failureMessages":[],"meta":{},"tags":[]}],"startTime":1788898002350,"endTime":1788898002373.205,"status":"passed","message":"","name":"C:/Users/rauds/Desktop/Projektid/Broneerimise SaaS/broneering.info/tests/translation-provider.test.ts"},{"assertionResults":[{"ancestorTitles":[],"fullName":"the shipped widget rejects forged windows, origins, channels and payloads","status":"passed","title":"the shipped widget rejects forged windows, origins, channels and payloads","duration":3.753299999999996,"failureMessages":[],"meta":{},"tags":[]}],"startTime":1788898003767,"endTime":1788898003770.7534,"status":"passed","message":"","name":"C:/Users/rauds/Desktop/Projektid/Broneerimise SaaS/broneering.info/tests/widget.test.ts"},{"assertionResults":[{"ancestorTitles":["worker heartbeat"],"fullName":"worker heartbeat fails missing, old, failed, corrupt and future state; accepts recent success","status":"passed","title":"fails missing, old, failed, corrupt and future state; accepts recent success","duration":11.055300000000017,"failureMessages":[],"meta":{},"tags":[]}],"startTime":1788898003625,"endTime":1788898003636.0554,"status":"passed","message":"","name":"C:/Users/rauds/Desktop/Projektid/Broneerimise SaaS/broneering.info/tests/worker-health.test.ts"}]}